{
  "stats": {
    "suites": 94,
    "tests": 280,
    "passes": 280,
    "pending": 0,
    "failures": 0,
    "start": "2023-09-19T12:20:53.281Z",
    "end": "2023-09-19T12:32:54.733Z",
    "duration": 721452,
    "testsRegistered": 280,
    "passPercent": 100,
    "pendingPercent": 0,
    "other": 0,
    "hasOther": false,
    "skipped": 0,
    "hasSkipped": false
  },
  "results": [
    {
      "uuid": "4b4c550e-ed41-44df-bf8e-7b085c52c83c",
      "title": "",
      "fullFile": "",
      "file": "",
      "beforeHooks": [],
      "afterHooks": [],
      "tests": [],
      "suites": [
        {
          "uuid": "86fe296c-2760-4213-ba62-0da18ed320d5",
          "title": "Loading Under-wite-Me Test data",
          "fullFile": "/Users/nikhilkumargupta/API_Test/JEST-API-TESTING/test/test.js",
          "file": "/test/test.js",
          "beforeHooks": [],
          "afterHooks": [],
          "tests": [
            {
              "title": "Read test cases",
              "fullTitle": "Loading Under-wite-Me Test data Read test cases",
              "timedOut": false,
              "duration": 1,
              "state": "passed",
              "speed": "fast",
              "pass": true,
              "fail": false,
              "pending": false,
              "context": null,
              "code": "assert.notEqual(cases.length, 0, \"Should have some test cases to test\")",
              "err": {},
              "uuid": "20dc6775-c699-4a68-b59f-dba7533d5bac",
              "parentUUID": "86fe296c-2760-4213-ba62-0da18ed320d5",
              "isHook": false,
              "skipped": false
            }
          ],
          "suites": [],
          "passes": [
            "20dc6775-c699-4a68-b59f-dba7533d5bac"
          ],
          "failures": [],
          "pending": [],
          "skipped": [],
          "duration": 1,
          "root": false,
          "rootEmpty": false,
          "_timeout": 300000
        },
        {
          "uuid": "8fcb73a7-eb04-4996-8f2d-f9c856526fa1",
          "title": "Test No. 1: UW_Volumne [<=100k] and [age<40] age = 1",
          "fullFile": "/Users/nikhilkumargupta/API_Test/JEST-API-TESTING/test/test.js",
          "file": "/test/test.js",
          "beforeHooks": [],
          "afterHooks": [],
          "tests": [
            {
              "title": "POSTING ENQUIRY DATA",
              "fullTitle": "Test No. 1: UW_Volumne [<=100k] and [age<40] age = 1 POSTING ENQUIRY DATA",
              "timedOut": false,
              "duration": 4445,
              "state": "passed",
              "speed": "slow",
              "pass": true,
              "fail": false,
              "pending": false,
              "context": "{\n  \"title\": \"REPORT\",\n  \"value\": {\n    \"message\": \"Enquiry posted successfully\"\n  }\n}",
              "code": "const reporting = new Report(addContext, this)\nconst response = await umeApi.postEnquiry(reporting)\nreporting.publishReport()\nassert.equal(response, STATUS.OK)",
              "err": {},
              "uuid": "d7576ef2-b138-4ec5-8c8e-7a8d6c6e71bb",
              "parentUUID": "8fcb73a7-eb04-4996-8f2d-f9c856526fa1",
              "isHook": false,
              "skipped": false
            },
            {
              "title": "CLOSING ENQUIRY",
              "fullTitle": "Test No. 1: UW_Volumne [<=100k] and [age<40] age = 1 CLOSING ENQUIRY",
              "timedOut": false,
              "duration": 1009,
              "state": "passed",
              "speed": "slow",
              "pass": true,
              "fail": false,
              "pending": false,
              "context": "{\n  \"title\": \"REPORT\",\n  \"value\": {\n    \"message\": \"Enquiry closed successfully\"\n  }\n}",
              "code": "const reporting = new Report(addContext, this)\nconst response = await umeApi.closeEnquiry(reporting)\nreporting.publishReport()\nassert.equal(response, STATUS.OK)",
              "err": {},
              "uuid": "2aeddb00-8988-40f9-ac40-d38baf6340cf",
              "parentUUID": "8fcb73a7-eb04-4996-8f2d-f9c856526fa1",
              "isHook": false,
              "skipped": false
            },
            {
              "title": "EVALUATING ENQUIRY RESULT",
              "fullTitle": "Test No. 1: UW_Volumne [<=100k] and [age<40] age = 1 EVALUATING ENQUIRY RESULT",
              "timedOut": false,
              "duration": 1002,
              "state": "passed",
              "speed": "slow",
              "pass": true,
              "fail": false,
              "pending": false,
              "context": "{\n  \"title\": \"REPORT\",\n  \"value\": {\n    \"Snapshot ID \": 1,\n    \"Bucket Outcome\": {\n      \"BMI : 21\": [\n        \"Build : 21\"\n      ],\n      \"COMBINED_HEIGHT_INCHES : 65\": [\n        \"Build : 65\"\n      ],\n      \"DECISION_LIFE : STANDARD\": [\n        \"Non_Medical_Limits : STANDARD\",\n        \"Build : STANDARD\",\n        \"CV_Risk_Calculator_Life : STANDARD\"\n      ],\n      \"EM_LIFE : 0\": [\n        \"EM_Rounding : 0\"\n      ],\n      \"UW_VOLUME_LIFE : 1\": [\n        \"Non_Medical_Limits : 1\"\n      ]\n    },\n    \"Failing Reason\": [],\n    \"Success Report\": [\n      \"✅ Test pass for bucket [DECISION_LIFE], looking for [_result] with value [STANDARD]\",\n      \"✅ Test pass for bucket [DECISION_LIFE], looking for [Non_Medical_Limits] with value [STANDARD]\",\n      \"✅ Test pass for bucket [UW_VOLUME_LIFE], looking for [_result] with value [1]\"\n    ]\n  }\n}",
              "code": "// Getting enquiry result\n            const reporting = new Report(addContext, this)\n            const enquiryResults = await umeApi.enquiryResult(reporting)\n            const failedAssertions = []\n            const successAssertions = []\n            // Evaluating each result\n            enquiryResults.forEach(result => {\n                const evaluationReport = result.evaluate(reporting)\n                if (evaluationReport === STATUS.ERROR)\n                    failedAssertions.push(result.generateMessageText())\n                else\n                    successAssertions.push(result.generateMessageText())\n            })\n            reporting.addReport(\"Failing Reason\", failedAssertions)\n            reporting.addReport(\"Success Report\", successAssertions)\n            reporting.publishReport()\n            assert.deepEqual(failedAssertions, [], `Found ${failedAssertions.length} error while testing. See report for more details`)",
              "err": {},
              "uuid": "21be18b7-f94b-4f98-a1a5-1c6aead56347",
              "parentUUID": "8fcb73a7-eb04-4996-8f2d-f9c856526fa1",
              "isHook": false,
              "skipped": false
            }
          ],
          "suites": [],
          "passes": [
            "d7576ef2-b138-4ec5-8c8e-7a8d6c6e71bb",
            "2aeddb00-8988-40f9-ac40-d38baf6340cf",
            "21be18b7-f94b-4f98-a1a5-1c6aead56347"
          ],
          "failures": [],
          "pending": [],
          "skipped": [],
          "duration": 6456,
          "root": false,
          "rootEmpty": false,
          "_timeout": 300000
        },
        {
          "uuid": "fe554a35-f345-4384-bd39-7673ca56c10c",
          "title": "Test No. 2: UW_Volumne [<=100k] and [age<40] age = 39",
          "fullFile": "/Users/nikhilkumargupta/API_Test/JEST-API-TESTING/test/test.js",
          "file": "/test/test.js",
          "beforeHooks": [],
          "afterHooks": [],
          "tests": [
            {
              "title": "POSTING ENQUIRY DATA",
              "fullTitle": "Test No. 2: UW_Volumne [<=100k] and [age<40] age = 39 POSTING ENQUIRY DATA",
              "timedOut": false,
              "duration": 467,
              "state": "passed",
              "speed": "slow",
              "pass": true,
              "fail": false,
              "pending": false,
              "context": "{\n  \"title\": \"REPORT\",\n  \"value\": {\n    \"message\": \"Enquiry posted successfully\"\n  }\n}",
              "code": "const reporting = new Report(addContext, this)\nconst response = await umeApi.postEnquiry(reporting)\nreporting.publishReport()\nassert.equal(response, STATUS.OK)",
              "err": {},
              "uuid": "9386718e-84ad-415b-b27f-0ae8274ccdca",
              "parentUUID": "fe554a35-f345-4384-bd39-7673ca56c10c",
              "isHook": false,
              "skipped": false
            },
            {
              "title": "CLOSING ENQUIRY",
              "fullTitle": "Test No. 2: UW_Volumne [<=100k] and [age<40] age = 39 CLOSING ENQUIRY",
              "timedOut": false,
              "duration": 420,
              "state": "passed",
              "speed": "slow",
              "pass": true,
              "fail": false,
              "pending": false,
              "context": "{\n  \"title\": \"REPORT\",\n  \"value\": {\n    \"message\": \"Enquiry closed successfully\"\n  }\n}",
              "code": "const reporting = new Report(addContext, this)\nconst response = await umeApi.closeEnquiry(reporting)\nreporting.publishReport()\nassert.equal(response, STATUS.OK)",
              "err": {},
              "uuid": "42ad742d-22fc-42b3-aba5-2f5270bd4236",
              "parentUUID": "fe554a35-f345-4384-bd39-7673ca56c10c",
              "isHook": false,
              "skipped": false
            },
            {
              "title": "EVALUATING ENQUIRY RESULT",
              "fullTitle": "Test No. 2: UW_Volumne [<=100k] and [age<40] age = 39 EVALUATING ENQUIRY RESULT",
              "timedOut": false,
              "duration": 476,
              "state": "passed",
              "speed": "slow",
              "pass": true,
              "fail": false,
              "pending": false,
              "context": "{\n  \"title\": \"REPORT\",\n  \"value\": {\n    \"Snapshot ID \": 2,\n    \"Bucket Outcome\": {\n      \"BMI : 21\": [\n        \"Build : 21\"\n      ],\n      \"COMBINED_HEIGHT_INCHES : 65\": [\n        \"Build : 65\"\n      ],\n      \"DECISION_LIFE : STANDARD\": [\n        \"Non_Medical_Limits : STANDARD\",\n        \"Build : STANDARD\",\n        \"CV_Risk_Calculator_Life : STANDARD\"\n      ],\n      \"EM_LIFE : 0\": [\n        \"EM_Rounding : 0\"\n      ],\n      \"UW_VOLUME_LIFE : 99999\": [\n        \"Non_Medical_Limits : 99999\"\n      ]\n    },\n    \"Failing Reason\": [],\n    \"Success Report\": [\n      \"✅ Test pass for bucket [DECISION_LIFE], looking for [_result] with value [STANDARD]\",\n      \"✅ Test pass for bucket [DECISION_LIFE], looking for [Non_Medical_Limits] with value [STANDARD]\",\n      \"✅ Test pass for bucket [UW_VOLUME_LIFE], looking for [_result] with value [99999]\"\n    ]\n  }\n}",
              "code": "// Getting enquiry result\n            const reporting = new Report(addContext, this)\n            const enquiryResults = await umeApi.enquiryResult(reporting)\n            const failedAssertions = []\n            const successAssertions = []\n            // Evaluating each result\n            enquiryResults.forEach(result => {\n                const evaluationReport = result.evaluate(reporting)\n                if (evaluationReport === STATUS.ERROR)\n                    failedAssertions.push(result.generateMessageText())\n                else\n                    successAssertions.push(result.generateMessageText())\n            })\n            reporting.addReport(\"Failing Reason\", failedAssertions)\n            reporting.addReport(\"Success Report\", successAssertions)\n            reporting.publishReport()\n            assert.deepEqual(failedAssertions, [], `Found ${failedAssertions.length} error while testing. See report for more details`)",
              "err": {},
              "uuid": "71fc59fb-e47b-4414-884c-5edaa02dc4ea",
              "parentUUID": "fe554a35-f345-4384-bd39-7673ca56c10c",
              "isHook": false,
              "skipped": false
            }
          ],
          "suites": [],
          "passes": [
            "9386718e-84ad-415b-b27f-0ae8274ccdca",
            "42ad742d-22fc-42b3-aba5-2f5270bd4236",
            "71fc59fb-e47b-4414-884c-5edaa02dc4ea"
          ],
          "failures": [],
          "pending": [],
          "skipped": [],
          "duration": 1363,
          "root": false,
          "rootEmpty": false,
          "_timeout": 300000
        },
        {
          "uuid": "34e4c4ce-ef3f-4e44-a8d4-79be427d622e",
          "title": "Test No. 3: UW_Volumne [<=100k] and [age<40] age = 39 year 11 Months",
          "fullFile": "/Users/nikhilkumargupta/API_Test/JEST-API-TESTING/test/test.js",
          "file": "/test/test.js",
          "beforeHooks": [],
          "afterHooks": [],
          "tests": [
            {
              "title": "POSTING ENQUIRY DATA",
              "fullTitle": "Test No. 3: UW_Volumne [<=100k] and [age<40] age = 39 year 11 Months POSTING ENQUIRY DATA",
              "timedOut": false,
              "duration": 482,
              "state": "passed",
              "speed": "slow",
              "pass": true,
              "fail": false,
              "pending": false,
              "context": "{\n  \"title\": \"REPORT\",\n  \"value\": {\n    \"message\": \"Enquiry posted successfully\"\n  }\n}",
              "code": "const reporting = new Report(addContext, this)\nconst response = await umeApi.postEnquiry(reporting)\nreporting.publishReport()\nassert.equal(response, STATUS.OK)",
              "err": {},
              "uuid": "5f7e7558-8bd7-4ebe-8da7-8413e0f9f083",
              "parentUUID": "34e4c4ce-ef3f-4e44-a8d4-79be427d622e",
              "isHook": false,
              "skipped": false
            },
            {
              "title": "CLOSING ENQUIRY",
              "fullTitle": "Test No. 3: UW_Volumne [<=100k] and [age<40] age = 39 year 11 Months CLOSING ENQUIRY",
              "timedOut": false,
              "duration": 582,
              "state": "passed",
              "speed": "slow",
              "pass": true,
              "fail": false,
              "pending": false,
              "context": "{\n  \"title\": \"REPORT\",\n  \"value\": {\n    \"message\": \"Enquiry closed successfully\"\n  }\n}",
              "code": "const reporting = new Report(addContext, this)\nconst response = await umeApi.closeEnquiry(reporting)\nreporting.publishReport()\nassert.equal(response, STATUS.OK)",
              "err": {},
              "uuid": "0f580984-4cd7-46b6-90cc-8ecc9428e1fd",
              "parentUUID": "34e4c4ce-ef3f-4e44-a8d4-79be427d622e",
              "isHook": false,
              "skipped": false
            },
            {
              "title": "EVALUATING ENQUIRY RESULT",
              "fullTitle": "Test No. 3: UW_Volumne [<=100k] and [age<40] age = 39 year 11 Months EVALUATING ENQUIRY RESULT",
              "timedOut": false,
              "duration": 744,
              "state": "passed",
              "speed": "slow",
              "pass": true,
              "fail": false,
              "pending": false,
              "context": "{\n  \"title\": \"REPORT\",\n  \"value\": {\n    \"Snapshot ID \": 3,\n    \"Bucket Outcome\": {\n      \"BMI : 21\": [\n        \"Build : 21\"\n      ],\n      \"COMBINED_HEIGHT_INCHES : 65\": [\n        \"Build : 65\"\n      ],\n      \"DECISION_LIFE : STANDARD\": [\n        \"Non_Medical_Limits : STANDARD\",\n        \"Build : STANDARD\",\n        \"CV_Risk_Calculator_Life : STANDARD\"\n      ],\n      \"EM_LIFE : 0\": [\n        \"EM_Rounding : 0\"\n      ],\n      \"UW_VOLUME_LIFE : 100000\": [\n        \"Non_Medical_Limits : 100000\"\n      ]\n    },\n    \"Failing Reason\": [],\n    \"Success Report\": [\n      \"✅ Test pass for bucket [DECISION_LIFE], looking for [_result] with value [STANDARD]\",\n      \"✅ Test pass for bucket [DECISION_LIFE], looking for [Non_Medical_Limits] with value [STANDARD]\",\n      \"✅ Test pass for bucket [UW_VOLUME_LIFE], looking for [_result] with value [100000]\"\n    ]\n  }\n}",
              "code": "// Getting enquiry result\n            const reporting = new Report(addContext, this)\n            const enquiryResults = await umeApi.enquiryResult(reporting)\n            const failedAssertions = []\n            const successAssertions = []\n            // Evaluating each result\n            enquiryResults.forEach(result => {\n                const evaluationReport = result.evaluate(reporting)\n                if (evaluationReport === STATUS.ERROR)\n                    failedAssertions.push(result.generateMessageText())\n                else\n                    successAssertions.push(result.generateMessageText())\n            })\n            reporting.addReport(\"Failing Reason\", failedAssertions)\n            reporting.addReport(\"Success Report\", successAssertions)\n            reporting.publishReport()\n            assert.deepEqual(failedAssertions, [], `Found ${failedAssertions.length} error while testing. See report for more details`)",
              "err": {},
              "uuid": "3531377e-20ea-4ca5-97fb-95aa3d6a7239",
              "parentUUID": "34e4c4ce-ef3f-4e44-a8d4-79be427d622e",
              "isHook": false,
              "skipped": false
            }
          ],
          "suites": [],
          "passes": [
            "5f7e7558-8bd7-4ebe-8da7-8413e0f9f083",
            "0f580984-4cd7-46b6-90cc-8ecc9428e1fd",
            "3531377e-20ea-4ca5-97fb-95aa3d6a7239"
          ],
          "failures": [],
          "pending": [],
          "skipped": [],
          "duration": 1808,
          "root": false,
          "rootEmpty": false,
          "_timeout": 300000
        },
        {
          "uuid": "b5d0fe70-a9e1-47c1-9d5a-573529954672",
          "title": "Test No. 4: UW_Volumne [>100k-200k] and [age<40] age = 1",
          "fullFile": "/Users/nikhilkumargupta/API_Test/JEST-API-TESTING/test/test.js",
          "file": "/test/test.js",
          "beforeHooks": [],
          "afterHooks": [],
          "tests": [
            {
              "title": "POSTING ENQUIRY DATA",
              "fullTitle": "Test No. 4: UW_Volumne [>100k-200k] and [age<40] age = 1 POSTING ENQUIRY DATA",
              "timedOut": false,
              "duration": 412,
              "state": "passed",
              "speed": "slow",
              "pass": true,
              "fail": false,
              "pending": false,
              "context": "{\n  \"title\": \"REPORT\",\n  \"value\": {\n    \"message\": \"Enquiry posted successfully\"\n  }\n}",
              "code": "const reporting = new Report(addContext, this)\nconst response = await umeApi.postEnquiry(reporting)\nreporting.publishReport()\nassert.equal(response, STATUS.OK)",
              "err": {},
              "uuid": "6fd57231-c998-4366-aad1-9546430ce468",
              "parentUUID": "b5d0fe70-a9e1-47c1-9d5a-573529954672",
              "isHook": false,
              "skipped": false
            },
            {
              "title": "CLOSING ENQUIRY",
              "fullTitle": "Test No. 4: UW_Volumne [>100k-200k] and [age<40] age = 1 CLOSING ENQUIRY",
              "timedOut": false,
              "duration": 410,
              "state": "passed",
              "speed": "slow",
              "pass": true,
              "fail": false,
              "pending": false,
              "context": "{\n  \"title\": \"REPORT\",\n  \"value\": {\n    \"message\": \"Enquiry closed successfully\"\n  }\n}",
              "code": "const reporting = new Report(addContext, this)\nconst response = await umeApi.closeEnquiry(reporting)\nreporting.publishReport()\nassert.equal(response, STATUS.OK)",
              "err": {},
              "uuid": "6b2d3e78-92a8-4148-bb5d-146517b23d49",
              "parentUUID": "b5d0fe70-a9e1-47c1-9d5a-573529954672",
              "isHook": false,
              "skipped": false
            },
            {
              "title": "EVALUATING ENQUIRY RESULT",
              "fullTitle": "Test No. 4: UW_Volumne [>100k-200k] and [age<40] age = 1 EVALUATING ENQUIRY RESULT",
              "timedOut": false,
              "duration": 998,
              "state": "passed",
              "speed": "slow",
              "pass": true,
              "fail": false,
              "pending": false,
              "context": "{\n  \"title\": \"REPORT\",\n  \"value\": {\n    \"Snapshot ID \": 4,\n    \"Bucket Outcome\": {\n      \"BMI : 21\": [\n        \"Build : 21\"\n      ],\n      \"COMBINED_HEIGHT_INCHES : 65\": [\n        \"Build : 65\"\n      ],\n      \"CONSOLIDATED_EVIDENCE_LIFE : EO_SCRIPT_CHECK\": [\n        \"Evidence_Required : EO_SCRIPT_CHECK\"\n      ],\n      \"DECISION_LIFE : EVIDENCE_REQUIRED\": [\n        \"Non_Medical_Limits : EVIDENCE_REQUIRED\",\n        \"Build : STANDARD\",\n        \"CV_Risk_Calculator_Life : STANDARD\"\n      ],\n      \"EM_LIFE : 0\": [\n        \"EM_Rounding : 0\"\n      ],\n      \"EVIDENCE_LIFE : EO_SCRIPT_CHECK\": [\n        \"Non_Medical_Limits : EO_SCRIPT_CHECK\"\n      ],\n      \"UW_VOLUME_LIFE : 100001\": [\n        \"Non_Medical_Limits : 100001\"\n      ]\n    },\n    \"Failing Reason\": [],\n    \"Success Report\": [\n      \"✅ Test pass for bucket [DECISION_LIFE], looking for [_result] with value [EVIDENCE_REQUIRED]\",\n      \"✅ Test pass for bucket [DECISION_LIFE], looking for [Non_Medical_Limits] with value [EVIDENCE_REQUIRED]\",\n      \"✅ Test pass for bucket [EVIDENCE_LIFE], looking for [_result] with value [EO_SCRIPT_CHECK]\",\n      \"✅ Test pass for bucket [UW_VOLUME_LIFE], looking for [_result] with value [100001]\"\n    ]\n  }\n}",
              "code": "// Getting enquiry result\n            const reporting = new Report(addContext, this)\n            const enquiryResults = await umeApi.enquiryResult(reporting)\n            const failedAssertions = []\n            const successAssertions = []\n            // Evaluating each result\n            enquiryResults.forEach(result => {\n                const evaluationReport = result.evaluate(reporting)\n                if (evaluationReport === STATUS.ERROR)\n                    failedAssertions.push(result.generateMessageText())\n                else\n                    successAssertions.push(result.generateMessageText())\n            })\n            reporting.addReport(\"Failing Reason\", failedAssertions)\n            reporting.addReport(\"Success Report\", successAssertions)\n            reporting.publishReport()\n            assert.deepEqual(failedAssertions, [], `Found ${failedAssertions.length} error while testing. See report for more details`)",
              "err": {},
              "uuid": "90b9e801-a04e-4d40-9d4e-9e7dc1d0a7ed",
              "parentUUID": "b5d0fe70-a9e1-47c1-9d5a-573529954672",
              "isHook": false,
              "skipped": false
            }
          ],
          "suites": [],
          "passes": [
            "6fd57231-c998-4366-aad1-9546430ce468",
            "6b2d3e78-92a8-4148-bb5d-146517b23d49",
            "90b9e801-a04e-4d40-9d4e-9e7dc1d0a7ed"
          ],
          "failures": [],
          "pending": [],
          "skipped": [],
          "duration": 1820,
          "root": false,
          "rootEmpty": false,
          "_timeout": 300000
        },
        {
          "uuid": "1f05d5f7-2b6d-467a-8f52-8c45dc61286e",
          "title": "Test No. 5: UW_Volumne [>100k-200k] and [age<40] age = 20",
          "fullFile": "/Users/nikhilkumargupta/API_Test/JEST-API-TESTING/test/test.js",
          "file": "/test/test.js",
          "beforeHooks": [],
          "afterHooks": [],
          "tests": [
            {
              "title": "POSTING ENQUIRY DATA",
              "fullTitle": "Test No. 5: UW_Volumne [>100k-200k] and [age<40] age = 20 POSTING ENQUIRY DATA",
              "timedOut": false,
              "duration": 414,
              "state": "passed",
              "speed": "slow",
              "pass": true,
              "fail": false,
              "pending": false,
              "context": "{\n  \"title\": \"REPORT\",\n  \"value\": {\n    \"message\": \"Enquiry posted successfully\"\n  }\n}",
              "code": "const reporting = new Report(addContext, this)\nconst response = await umeApi.postEnquiry(reporting)\nreporting.publishReport()\nassert.equal(response, STATUS.OK)",
              "err": {},
              "uuid": "d7addf28-859e-436c-81ac-da165dd599ae",
              "parentUUID": "1f05d5f7-2b6d-467a-8f52-8c45dc61286e",
              "isHook": false,
              "skipped": false
            },
            {
              "title": "CLOSING ENQUIRY",
              "fullTitle": "Test No. 5: UW_Volumne [>100k-200k] and [age<40] age = 20 CLOSING ENQUIRY",
              "timedOut": false,
              "duration": 413,
              "state": "passed",
              "speed": "slow",
              "pass": true,
              "fail": false,
              "pending": false,
              "context": "{\n  \"title\": \"REPORT\",\n  \"value\": {\n    \"message\": \"Enquiry closed successfully\"\n  }\n}",
              "code": "const reporting = new Report(addContext, this)\nconst response = await umeApi.closeEnquiry(reporting)\nreporting.publishReport()\nassert.equal(response, STATUS.OK)",
              "err": {},
              "uuid": "fefa4f0f-3d85-4d52-bb12-205196856360",
              "parentUUID": "1f05d5f7-2b6d-467a-8f52-8c45dc61286e",
              "isHook": false,
              "skipped": false
            },
            {
              "title": "EVALUATING ENQUIRY RESULT",
              "fullTitle": "Test No. 5: UW_Volumne [>100k-200k] and [age<40] age = 20 EVALUATING ENQUIRY RESULT",
              "timedOut": false,
              "duration": 963,
              "state": "passed",
              "speed": "slow",
              "pass": true,
              "fail": false,
              "pending": false,
              "context": "{\n  \"title\": \"REPORT\",\n  \"value\": {\n    \"Snapshot ID \": 5,\n    \"Bucket Outcome\": {\n      \"BMI : 21\": [\n        \"Build : 21\"\n      ],\n      \"COMBINED_HEIGHT_INCHES : 65\": [\n        \"Build : 65\"\n      ],\n      \"CONSOLIDATED_EVIDENCE_LIFE : EO_SCRIPT_CHECK\": [\n        \"Evidence_Required : EO_SCRIPT_CHECK\"\n      ],\n      \"DECISION_LIFE : EVIDENCE_REQUIRED\": [\n        \"Non_Medical_Limits : EVIDENCE_REQUIRED\",\n        \"Build : STANDARD\",\n        \"CV_Risk_Calculator_Life : STANDARD\"\n      ],\n      \"EM_LIFE : 0\": [\n        \"EM_Rounding : 0\"\n      ],\n      \"EVIDENCE_LIFE : EO_SCRIPT_CHECK\": [\n        \"Non_Medical_Limits : EO_SCRIPT_CHECK\"\n      ],\n      \"UW_VOLUME_LIFE : 199999\": [\n        \"Non_Medical_Limits : 199999\"\n      ]\n    },\n    \"Failing Reason\": [],\n    \"Success Report\": [\n      \"✅ Test pass for bucket [DECISION_LIFE], looking for [_result] with value [EVIDENCE_REQUIRED]\",\n      \"✅ Test pass for bucket [DECISION_LIFE], looking for [Non_Medical_Limits] with value [EVIDENCE_REQUIRED]\",\n      \"✅ Test pass for bucket [EVIDENCE_LIFE], looking for [_result] with value [EO_SCRIPT_CHECK]\",\n      \"✅ Test pass for bucket [UW_VOLUME_LIFE], looking for [_result] with value [199999]\"\n    ]\n  }\n}",
              "code": "// Getting enquiry result\n            const reporting = new Report(addContext, this)\n            const enquiryResults = await umeApi.enquiryResult(reporting)\n            const failedAssertions = []\n            const successAssertions = []\n            // Evaluating each result\n            enquiryResults.forEach(result => {\n                const evaluationReport = result.evaluate(reporting)\n                if (evaluationReport === STATUS.ERROR)\n                    failedAssertions.push(result.generateMessageText())\n                else\n                    successAssertions.push(result.generateMessageText())\n            })\n            reporting.addReport(\"Failing Reason\", failedAssertions)\n            reporting.addReport(\"Success Report\", successAssertions)\n            reporting.publishReport()\n            assert.deepEqual(failedAssertions, [], `Found ${failedAssertions.length} error while testing. See report for more details`)",
              "err": {},
              "uuid": "547196fe-7e8a-4a6c-b99e-d8d23d384ca0",
              "parentUUID": "1f05d5f7-2b6d-467a-8f52-8c45dc61286e",
              "isHook": false,
              "skipped": false
            }
          ],
          "suites": [],
          "passes": [
            "d7addf28-859e-436c-81ac-da165dd599ae",
            "fefa4f0f-3d85-4d52-bb12-205196856360",
            "547196fe-7e8a-4a6c-b99e-d8d23d384ca0"
          ],
          "failures": [],
          "pending": [],
          "skipped": [],
          "duration": 1790,
          "root": false,
          "rootEmpty": false,
          "_timeout": 300000
        },
        {
          "uuid": "4f48cca3-23a7-4836-8692-b116f36e99c9",
          "title": "Test No. 6: UW_Volumne [>100k-200k] and [age<40] age = 39",
          "fullFile": "/Users/nikhilkumargupta/API_Test/JEST-API-TESTING/test/test.js",
          "file": "/test/test.js",
          "beforeHooks": [],
          "afterHooks": [],
          "tests": [
            {
              "title": "POSTING ENQUIRY DATA",
              "fullTitle": "Test No. 6: UW_Volumne [>100k-200k] and [age<40] age = 39 POSTING ENQUIRY DATA",
              "timedOut": false,
              "duration": 416,
              "state": "passed",
              "speed": "slow",
              "pass": true,
              "fail": false,
              "pending": false,
              "context": "{\n  \"title\": \"REPORT\",\n  \"value\": {\n    \"message\": \"Enquiry posted successfully\"\n  }\n}",
              "code": "const reporting = new Report(addContext, this)\nconst response = await umeApi.postEnquiry(reporting)\nreporting.publishReport()\nassert.equal(response, STATUS.OK)",
              "err": {},
              "uuid": "5be97a5f-702a-4d37-afa8-9788c715b096",
              "parentUUID": "4f48cca3-23a7-4836-8692-b116f36e99c9",
              "isHook": false,
              "skipped": false
            },
            {
              "title": "CLOSING ENQUIRY",
              "fullTitle": "Test No. 6: UW_Volumne [>100k-200k] and [age<40] age = 39 CLOSING ENQUIRY",
              "timedOut": false,
              "duration": 410,
              "state": "passed",
              "speed": "slow",
              "pass": true,
              "fail": false,
              "pending": false,
              "context": "{\n  \"title\": \"REPORT\",\n  \"value\": {\n    \"message\": \"Enquiry closed successfully\"\n  }\n}",
              "code": "const reporting = new Report(addContext, this)\nconst response = await umeApi.closeEnquiry(reporting)\nreporting.publishReport()\nassert.equal(response, STATUS.OK)",
              "err": {},
              "uuid": "d1d3905e-e231-44f4-9584-ca37fc9dd3b0",
              "parentUUID": "4f48cca3-23a7-4836-8692-b116f36e99c9",
              "isHook": false,
              "skipped": false
            },
            {
              "title": "EVALUATING ENQUIRY RESULT",
              "fullTitle": "Test No. 6: UW_Volumne [>100k-200k] and [age<40] age = 39 EVALUATING ENQUIRY RESULT",
              "timedOut": false,
              "duration": 2555,
              "state": "passed",
              "speed": "slow",
              "pass": true,
              "fail": false,
              "pending": false,
              "context": "{\n  \"title\": \"REPORT\",\n  \"value\": {\n    \"Snapshot ID \": 6,\n    \"Bucket Outcome\": {\n      \"BMI : 21\": [\n        \"Build : 21\"\n      ],\n      \"COMBINED_HEIGHT_INCHES : 65\": [\n        \"Build : 65\"\n      ],\n      \"CONSOLIDATED_EVIDENCE_LIFE : EO_SCRIPT_CHECK\": [\n        \"Evidence_Required : EO_SCRIPT_CHECK\"\n      ],\n      \"DECISION_LIFE : EVIDENCE_REQUIRED\": [\n        \"Non_Medical_Limits : EVIDENCE_REQUIRED\",\n        \"Build : STANDARD\",\n        \"CV_Risk_Calculator_Life : STANDARD\"\n      ],\n      \"EM_LIFE : 0\": [\n        \"EM_Rounding : 0\"\n      ],\n      \"EVIDENCE_LIFE : EO_SCRIPT_CHECK\": [\n        \"Non_Medical_Limits : EO_SCRIPT_CHECK\"\n      ],\n      \"UW_VOLUME_LIFE : 200000\": [\n        \"Non_Medical_Limits : 200000\"\n      ]\n    },\n    \"Failing Reason\": [],\n    \"Success Report\": [\n      \"✅ Test pass for bucket [DECISION_LIFE], looking for [_result] with value [EVIDENCE_REQUIRED]\",\n      \"✅ Test pass for bucket [DECISION_LIFE], looking for [Non_Medical_Limits] with value [EVIDENCE_REQUIRED]\",\n      \"✅ Test pass for bucket [EVIDENCE_LIFE], looking for [_result] with value [EO_SCRIPT_CHECK]\",\n      \"✅ Test pass for bucket [UW_VOLUME_LIFE], looking for [_result] with value [200000]\"\n    ]\n  }\n}",
              "code": "// Getting enquiry result\n            const reporting = new Report(addContext, this)\n            const enquiryResults = await umeApi.enquiryResult(reporting)\n            const failedAssertions = []\n            const successAssertions = []\n            // Evaluating each result\n            enquiryResults.forEach(result => {\n                const evaluationReport = result.evaluate(reporting)\n                if (evaluationReport === STATUS.ERROR)\n                    failedAssertions.push(result.generateMessageText())\n                else\n                    successAssertions.push(result.generateMessageText())\n            })\n            reporting.addReport(\"Failing Reason\", failedAssertions)\n            reporting.addReport(\"Success Report\", successAssertions)\n            reporting.publishReport()\n            assert.deepEqual(failedAssertions, [], `Found ${failedAssertions.length} error while testing. See report for more details`)",
              "err": {},
              "uuid": "98fc19b9-5753-4907-acc6-f33777aacd13",
              "parentUUID": "4f48cca3-23a7-4836-8692-b116f36e99c9",
              "isHook": false,
              "skipped": false
            }
          ],
          "suites": [],
          "passes": [
            "5be97a5f-702a-4d37-afa8-9788c715b096",
            "d1d3905e-e231-44f4-9584-ca37fc9dd3b0",
            "98fc19b9-5753-4907-acc6-f33777aacd13"
          ],
          "failures": [],
          "pending": [],
          "skipped": [],
          "duration": 3381,
          "root": false,
          "rootEmpty": false,
          "_timeout": 300000
        },
        {
          "uuid": "1e69617e-1e73-49b1-a2ee-270ae2a6a9d4",
          "title": "Test No. 7: UW_Volumne [>200k-300k] and [age<40] age =1",
          "fullFile": "/Users/nikhilkumargupta/API_Test/JEST-API-TESTING/test/test.js",
          "file": "/test/test.js",
          "beforeHooks": [],
          "afterHooks": [],
          "tests": [
            {
              "title": "POSTING ENQUIRY DATA",
              "fullTitle": "Test No. 7: UW_Volumne [>200k-300k] and [age<40] age =1 POSTING ENQUIRY DATA",
              "timedOut": false,
              "duration": 405,
              "state": "passed",
              "speed": "slow",
              "pass": true,
              "fail": false,
              "pending": false,
              "context": "{\n  \"title\": \"REPORT\",\n  \"value\": {\n    \"message\": \"Enquiry posted successfully\"\n  }\n}",
              "code": "const reporting = new Report(addContext, this)\nconst response = await umeApi.postEnquiry(reporting)\nreporting.publishReport()\nassert.equal(response, STATUS.OK)",
              "err": {},
              "uuid": "8070e011-9c1a-4248-9da8-9c62c802b383",
              "parentUUID": "1e69617e-1e73-49b1-a2ee-270ae2a6a9d4",
              "isHook": false,
              "skipped": false
            },
            {
              "title": "CLOSING ENQUIRY",
              "fullTitle": "Test No. 7: UW_Volumne [>200k-300k] and [age<40] age =1 CLOSING ENQUIRY",
              "timedOut": false,
              "duration": 412,
              "state": "passed",
              "speed": "slow",
              "pass": true,
              "fail": false,
              "pending": false,
              "context": "{\n  \"title\": \"REPORT\",\n  \"value\": {\n    \"message\": \"Enquiry closed successfully\"\n  }\n}",
              "code": "const reporting = new Report(addContext, this)\nconst response = await umeApi.closeEnquiry(reporting)\nreporting.publishReport()\nassert.equal(response, STATUS.OK)",
              "err": {},
              "uuid": "a2f6149f-5162-48d5-a0a3-575afcf3739a",
              "parentUUID": "1e69617e-1e73-49b1-a2ee-270ae2a6a9d4",
              "isHook": false,
              "skipped": false
            },
            {
              "title": "EVALUATING ENQUIRY RESULT",
              "fullTitle": "Test No. 7: UW_Volumne [>200k-300k] and [age<40] age =1 EVALUATING ENQUIRY RESULT",
              "timedOut": false,
              "duration": 1276,
              "state": "passed",
              "speed": "slow",
              "pass": true,
              "fail": false,
              "pending": false,
              "context": "{\n  \"title\": \"REPORT\",\n  \"value\": {\n    \"Snapshot ID \": 7,\n    \"Bucket Outcome\": {\n      \"BMI : 21\": [\n        \"Build : 21\"\n      ],\n      \"COMBINED_HEIGHT_INCHES : 65\": [\n        \"Build : 65\"\n      ],\n      \"CONSOLIDATED_EVIDENCE_LIFE : EO_SCRIPT_CHECK\": [\n        \"Evidence_Required : EO_LABPIQ\",\n        \"Evidence_Required : EO_SCRIPT_CHECK\"\n      ],\n      \"DECISION_LIFE : EVIDENCE_REQUIRED\": [\n        \"Non_Medical_Limits : EVIDENCE_REQUIRED\",\n        \"Build : STANDARD\",\n        \"CV_Risk_Calculator_Life : STANDARD\"\n      ],\n      \"EM_LIFE : 0\": [\n        \"EM_Rounding : 0\"\n      ],\n      \"EVIDENCE_LIFE : EO_SCRIPT_CHECK\": [\n        \"Non_Medical_Limits : EO_SCRIPT_CHECK\",\n        \"Non_Medical_Limits : EO_LABPIQ\"\n      ],\n      \"UW_VOLUME_LIFE : 200001\": [\n        \"Non_Medical_Limits : 200001\"\n      ]\n    },\n    \"Failing Reason\": [],\n    \"Success Report\": [\n      \"✅ Test pass for bucket [DECISION_LIFE], looking for [_result] with value [EVIDENCE_REQUIRED]\",\n      \"✅ Test pass for bucket [DECISION_LIFE], looking for [Non_Medical_Limits] with value [EVIDENCE_REQUIRED]\",\n      \"✅ Test pass for bucket [EVIDENCE_LIFE], looking for [_result] with value [EO_SCRIPT_CHECK]\",\n      \"✅ Test pass for bucket [UW_VOLUME_LIFE], looking for [_result] with value [200001]\"\n    ]\n  }\n}",
              "code": "// Getting enquiry result\n            const reporting = new Report(addContext, this)\n            const enquiryResults = await umeApi.enquiryResult(reporting)\n            const failedAssertions = []\n            const successAssertions = []\n            // Evaluating each result\n            enquiryResults.forEach(result => {\n                const evaluationReport = result.evaluate(reporting)\n                if (evaluationReport === STATUS.ERROR)\n                    failedAssertions.push(result.generateMessageText())\n                else\n                    successAssertions.push(result.generateMessageText())\n            })\n            reporting.addReport(\"Failing Reason\", failedAssertions)\n            reporting.addReport(\"Success Report\", successAssertions)\n            reporting.publishReport()\n            assert.deepEqual(failedAssertions, [], `Found ${failedAssertions.length} error while testing. See report for more details`)",
              "err": {},
              "uuid": "a958a202-b879-4bdb-87fc-121ce8d7596c",
              "parentUUID": "1e69617e-1e73-49b1-a2ee-270ae2a6a9d4",
              "isHook": false,
              "skipped": false
            }
          ],
          "suites": [],
          "passes": [
            "8070e011-9c1a-4248-9da8-9c62c802b383",
            "a2f6149f-5162-48d5-a0a3-575afcf3739a",
            "a958a202-b879-4bdb-87fc-121ce8d7596c"
          ],
          "failures": [],
          "pending": [],
          "skipped": [],
          "duration": 2093,
          "root": false,
          "rootEmpty": false,
          "_timeout": 300000
        },
        {
          "uuid": "935e8f3a-0ef7-41bc-a9c8-8ce17db6697f",
          "title": "Test No. 8: UW_Volumne [>200k-300k] and [age<40] age =20",
          "fullFile": "/Users/nikhilkumargupta/API_Test/JEST-API-TESTING/test/test.js",
          "file": "/test/test.js",
          "beforeHooks": [],
          "afterHooks": [],
          "tests": [
            {
              "title": "POSTING ENQUIRY DATA",
              "fullTitle": "Test No. 8: UW_Volumne [>200k-300k] and [age<40] age =20 POSTING ENQUIRY DATA",
              "timedOut": false,
              "duration": 417,
              "state": "passed",
              "speed": "slow",
              "pass": true,
              "fail": false,
              "pending": false,
              "context": "{\n  \"title\": \"REPORT\",\n  \"value\": {\n    \"message\": \"Enquiry posted successfully\"\n  }\n}",
              "code": "const reporting = new Report(addContext, this)\nconst response = await umeApi.postEnquiry(reporting)\nreporting.publishReport()\nassert.equal(response, STATUS.OK)",
              "err": {},
              "uuid": "09a3ea5a-2731-4ba4-ac93-54d928f6e056",
              "parentUUID": "935e8f3a-0ef7-41bc-a9c8-8ce17db6697f",
              "isHook": false,
              "skipped": false
            },
            {
              "title": "CLOSING ENQUIRY",
              "fullTitle": "Test No. 8: UW_Volumne [>200k-300k] and [age<40] age =20 CLOSING ENQUIRY",
              "timedOut": false,
              "duration": 440,
              "state": "passed",
              "speed": "slow",
              "pass": true,
              "fail": false,
              "pending": false,
              "context": "{\n  \"title\": \"REPORT\",\n  \"value\": {\n    \"message\": \"Enquiry closed successfully\"\n  }\n}",
              "code": "const reporting = new Report(addContext, this)\nconst response = await umeApi.closeEnquiry(reporting)\nreporting.publishReport()\nassert.equal(response, STATUS.OK)",
              "err": {},
              "uuid": "ac18d422-83ed-4efb-9d79-1a577915e14c",
              "parentUUID": "935e8f3a-0ef7-41bc-a9c8-8ce17db6697f",
              "isHook": false,
              "skipped": false
            },
            {
              "title": "EVALUATING ENQUIRY RESULT",
              "fullTitle": "Test No. 8: UW_Volumne [>200k-300k] and [age<40] age =20 EVALUATING ENQUIRY RESULT",
              "timedOut": false,
              "duration": 1213,
              "state": "passed",
              "speed": "slow",
              "pass": true,
              "fail": false,
              "pending": false,
              "context": "{\n  \"title\": \"REPORT\",\n  \"value\": {\n    \"Snapshot ID \": 8,\n    \"Bucket Outcome\": {\n      \"BMI : 21\": [\n        \"Build : 21\"\n      ],\n      \"COMBINED_HEIGHT_INCHES : 65\": [\n        \"Build : 65\"\n      ],\n      \"CONSOLIDATED_EVIDENCE_LIFE : EO_SCRIPT_CHECK\": [\n        \"Evidence_Required : EO_LABPIQ\",\n        \"Evidence_Required : EO_SCRIPT_CHECK\"\n      ],\n      \"DECISION_LIFE : EVIDENCE_REQUIRED\": [\n        \"Non_Medical_Limits : EVIDENCE_REQUIRED\",\n        \"Build : STANDARD\",\n        \"CV_Risk_Calculator_Life : STANDARD\"\n      ],\n      \"EM_LIFE : 0\": [\n        \"EM_Rounding : 0\"\n      ],\n      \"EVIDENCE_LIFE : EO_SCRIPT_CHECK\": [\n        \"Non_Medical_Limits : EO_SCRIPT_CHECK\",\n        \"Non_Medical_Limits : EO_LABPIQ\"\n      ],\n      \"UW_VOLUME_LIFE : 299999\": [\n        \"Non_Medical_Limits : 299999\"\n      ]\n    },\n    \"Failing Reason\": [],\n    \"Success Report\": [\n      \"✅ Test pass for bucket [DECISION_LIFE], looking for [_result] with value [EVIDENCE_REQUIRED]\",\n      \"✅ Test pass for bucket [DECISION_LIFE], looking for [Non_Medical_Limits] with value [EVIDENCE_REQUIRED]\",\n      \"✅ Test pass for bucket [EVIDENCE_LIFE], looking for [_result] with value [EO_SCRIPT_CHECK]\",\n      \"✅ Test pass for bucket [UW_VOLUME_LIFE], looking for [_result] with value [299999]\"\n    ]\n  }\n}",
              "code": "// Getting enquiry result\n            const reporting = new Report(addContext, this)\n            const enquiryResults = await umeApi.enquiryResult(reporting)\n            const failedAssertions = []\n            const successAssertions = []\n            // Evaluating each result\n            enquiryResults.forEach(result => {\n                const evaluationReport = result.evaluate(reporting)\n                if (evaluationReport === STATUS.ERROR)\n                    failedAssertions.push(result.generateMessageText())\n                else\n                    successAssertions.push(result.generateMessageText())\n            })\n            reporting.addReport(\"Failing Reason\", failedAssertions)\n            reporting.addReport(\"Success Report\", successAssertions)\n            reporting.publishReport()\n            assert.deepEqual(failedAssertions, [], `Found ${failedAssertions.length} error while testing. See report for more details`)",
              "err": {},
              "uuid": "0a4de87b-2009-4510-abc3-9a7bff3fe588",
              "parentUUID": "935e8f3a-0ef7-41bc-a9c8-8ce17db6697f",
              "isHook": false,
              "skipped": false
            }
          ],
          "suites": [],
          "passes": [
            "09a3ea5a-2731-4ba4-ac93-54d928f6e056",
            "ac18d422-83ed-4efb-9d79-1a577915e14c",
            "0a4de87b-2009-4510-abc3-9a7bff3fe588"
          ],
          "failures": [],
          "pending": [],
          "skipped": [],
          "duration": 2070,
          "root": false,
          "rootEmpty": false,
          "_timeout": 300000
        },
        {
          "uuid": "eb82b8c7-a724-482d-9617-1a40e5cebf92",
          "title": "Test No. 9: UW_Volumne [>200k-300k] and [age<40] age= 39",
          "fullFile": "/Users/nikhilkumargupta/API_Test/JEST-API-TESTING/test/test.js",
          "file": "/test/test.js",
          "beforeHooks": [],
          "afterHooks": [],
          "tests": [
            {
              "title": "POSTING ENQUIRY DATA",
              "fullTitle": "Test No. 9: UW_Volumne [>200k-300k] and [age<40] age= 39 POSTING ENQUIRY DATA",
              "timedOut": false,
              "duration": 403,
              "state": "passed",
              "speed": "slow",
              "pass": true,
              "fail": false,
              "pending": false,
              "context": "{\n  \"title\": \"REPORT\",\n  \"value\": {\n    \"message\": \"Enquiry posted successfully\"\n  }\n}",
              "code": "const reporting = new Report(addContext, this)\nconst response = await umeApi.postEnquiry(reporting)\nreporting.publishReport()\nassert.equal(response, STATUS.OK)",
              "err": {},
              "uuid": "1166b31b-0a0d-4ade-b37f-1998f9c039d7",
              "parentUUID": "eb82b8c7-a724-482d-9617-1a40e5cebf92",
              "isHook": false,
              "skipped": false
            },
            {
              "title": "CLOSING ENQUIRY",
              "fullTitle": "Test No. 9: UW_Volumne [>200k-300k] and [age<40] age= 39 CLOSING ENQUIRY",
              "timedOut": false,
              "duration": 425,
              "state": "passed",
              "speed": "slow",
              "pass": true,
              "fail": false,
              "pending": false,
              "context": "{\n  \"title\": \"REPORT\",\n  \"value\": {\n    \"message\": \"Enquiry closed successfully\"\n  }\n}",
              "code": "const reporting = new Report(addContext, this)\nconst response = await umeApi.closeEnquiry(reporting)\nreporting.publishReport()\nassert.equal(response, STATUS.OK)",
              "err": {},
              "uuid": "356ab107-049d-470e-b998-1b31ef2ffded",
              "parentUUID": "eb82b8c7-a724-482d-9617-1a40e5cebf92",
              "isHook": false,
              "skipped": false
            },
            {
              "title": "EVALUATING ENQUIRY RESULT",
              "fullTitle": "Test No. 9: UW_Volumne [>200k-300k] and [age<40] age= 39 EVALUATING ENQUIRY RESULT",
              "timedOut": false,
              "duration": 1497,
              "state": "passed",
              "speed": "slow",
              "pass": true,
              "fail": false,
              "pending": false,
              "context": "{\n  \"title\": \"REPORT\",\n  \"value\": {\n    \"Snapshot ID \": 9,\n    \"Bucket Outcome\": {\n      \"BMI : 21\": [\n        \"Build : 21\"\n      ],\n      \"COMBINED_HEIGHT_INCHES : 65\": [\n        \"Build : 65\"\n      ],\n      \"CONSOLIDATED_EVIDENCE_LIFE : EO_SCRIPT_CHECK\": [\n        \"Evidence_Required : EO_LABPIQ\",\n        \"Evidence_Required : EO_SCRIPT_CHECK\"\n      ],\n      \"DECISION_LIFE : EVIDENCE_REQUIRED\": [\n        \"Non_Medical_Limits : EVIDENCE_REQUIRED\",\n        \"Build : STANDARD\",\n        \"CV_Risk_Calculator_Life : STANDARD\"\n      ],\n      \"EM_LIFE : 0\": [\n        \"EM_Rounding : 0\"\n      ],\n      \"EVIDENCE_LIFE : EO_SCRIPT_CHECK\": [\n        \"Non_Medical_Limits : EO_SCRIPT_CHECK\",\n        \"Non_Medical_Limits : EO_LABPIQ\"\n      ],\n      \"UW_VOLUME_LIFE : 300000\": [\n        \"Non_Medical_Limits : 300000\"\n      ]\n    },\n    \"Failing Reason\": [],\n    \"Success Report\": [\n      \"✅ Test pass for bucket [DECISION_LIFE], looking for [_result] with value [EVIDENCE_REQUIRED]\",\n      \"✅ Test pass for bucket [DECISION_LIFE], looking for [Non_Medical_Limits] with value [EVIDENCE_REQUIRED]\",\n      \"✅ Test pass for bucket [EVIDENCE_LIFE], looking for [_result] with value [EO_SCRIPT_CHECK]\",\n      \"✅ Test pass for bucket [UW_VOLUME_LIFE], looking for [_result] with value [300000]\"\n    ]\n  }\n}",
              "code": "// Getting enquiry result\n            const reporting = new Report(addContext, this)\n            const enquiryResults = await umeApi.enquiryResult(reporting)\n            const failedAssertions = []\n            const successAssertions = []\n            // Evaluating each result\n            enquiryResults.forEach(result => {\n                const evaluationReport = result.evaluate(reporting)\n                if (evaluationReport === STATUS.ERROR)\n                    failedAssertions.push(result.generateMessageText())\n                else\n                    successAssertions.push(result.generateMessageText())\n            })\n            reporting.addReport(\"Failing Reason\", failedAssertions)\n            reporting.addReport(\"Success Report\", successAssertions)\n            reporting.publishReport()\n            assert.deepEqual(failedAssertions, [], `Found ${failedAssertions.length} error while testing. See report for more details`)",
              "err": {},
              "uuid": "d36ab7b7-a9d7-400c-9a09-a5604ea3dbf2",
              "parentUUID": "eb82b8c7-a724-482d-9617-1a40e5cebf92",
              "isHook": false,
              "skipped": false
            }
          ],
          "suites": [],
          "passes": [
            "1166b31b-0a0d-4ade-b37f-1998f9c039d7",
            "356ab107-049d-470e-b998-1b31ef2ffded",
            "d36ab7b7-a9d7-400c-9a09-a5604ea3dbf2"
          ],
          "failures": [],
          "pending": [],
          "skipped": [],
          "duration": 2325,
          "root": false,
          "rootEmpty": false,
          "_timeout": 300000
        },
        {
          "uuid": "90081dc1-003b-4d4d-82c7-40a1a714e26f",
          "title": "Test No. 10: UW_Volumne [>300k-500k] and [age<40] age = 1",
          "fullFile": "/Users/nikhilkumargupta/API_Test/JEST-API-TESTING/test/test.js",
          "file": "/test/test.js",
          "beforeHooks": [],
          "afterHooks": [],
          "tests": [
            {
              "title": "POSTING ENQUIRY DATA",
              "fullTitle": "Test No. 10: UW_Volumne [>300k-500k] and [age<40] age = 1 POSTING ENQUIRY DATA",
              "timedOut": false,
              "duration": 444,
              "state": "passed",
              "speed": "slow",
              "pass": true,
              "fail": false,
              "pending": false,
              "context": "{\n  \"title\": \"REPORT\",\n  \"value\": {\n    \"message\": \"Enquiry posted successfully\"\n  }\n}",
              "code": "const reporting = new Report(addContext, this)\nconst response = await umeApi.postEnquiry(reporting)\nreporting.publishReport()\nassert.equal(response, STATUS.OK)",
              "err": {},
              "uuid": "bc063924-33d5-4980-83fb-0e6a4d3269f9",
              "parentUUID": "90081dc1-003b-4d4d-82c7-40a1a714e26f",
              "isHook": false,
              "skipped": false
            },
            {
              "title": "CLOSING ENQUIRY",
              "fullTitle": "Test No. 10: UW_Volumne [>300k-500k] and [age<40] age = 1 CLOSING ENQUIRY",
              "timedOut": false,
              "duration": 406,
              "state": "passed",
              "speed": "slow",
              "pass": true,
              "fail": false,
              "pending": false,
              "context": "{\n  \"title\": \"REPORT\",\n  \"value\": {\n    \"message\": \"Enquiry closed successfully\"\n  }\n}",
              "code": "const reporting = new Report(addContext, this)\nconst response = await umeApi.closeEnquiry(reporting)\nreporting.publishReport()\nassert.equal(response, STATUS.OK)",
              "err": {},
              "uuid": "d5e5c5b6-6728-4a1b-9a52-153a50bc6d3a",
              "parentUUID": "90081dc1-003b-4d4d-82c7-40a1a714e26f",
              "isHook": false,
              "skipped": false
            },
            {
              "title": "EVALUATING ENQUIRY RESULT",
              "fullTitle": "Test No. 10: UW_Volumne [>300k-500k] and [age<40] age = 1 EVALUATING ENQUIRY RESULT",
              "timedOut": false,
              "duration": 1502,
              "state": "passed",
              "speed": "slow",
              "pass": true,
              "fail": false,
              "pending": false,
              "context": "{\n  \"title\": \"REPORT\",\n  \"value\": {\n    \"Snapshot ID \": 10,\n    \"Bucket Outcome\": {\n      \"BMI : 21\": [\n        \"Build : 21\"\n      ],\n      \"COMBINED_HEIGHT_INCHES : 65\": [\n        \"Build : 65\"\n      ],\n      \"CONSOLIDATED_EVIDENCE_LIFE : EO_SCRIPT_CHECK\": [\n        \"Evidence_Required : EO_LABPIQ\",\n        \"Evidence_Required : EO_SCRIPT_CHECK\"\n      ],\n      \"DECISION_LIFE : EVIDENCE_REQUIRED\": [\n        \"Non_Medical_Limits : EVIDENCE_REQUIRED\",\n        \"Build : STANDARD\",\n        \"CV_Risk_Calculator_Life : STANDARD\"\n      ],\n      \"EM_LIFE : 0\": [\n        \"EM_Rounding : 0\"\n      ],\n      \"EVIDENCE_LIFE : EO_SCRIPT_CHECK\": [\n        \"Non_Medical_Limits : EO_SCRIPT_CHECK\",\n        \"Non_Medical_Limits : EO_LABPIQ\"\n      ],\n      \"UW_VOLUME_LIFE : 300001\": [\n        \"Non_Medical_Limits : 300001\"\n      ]\n    },\n    \"Failing Reason\": [],\n    \"Success Report\": [\n      \"✅ Test pass for bucket [DECISION_LIFE], looking for [_result] with value [EVIDENCE_REQUIRED]\",\n      \"✅ Test pass for bucket [DECISION_LIFE], looking for [Non_Medical_Limits] with value [EVIDENCE_REQUIRED]\",\n      \"✅ Test pass for bucket [EVIDENCE_LIFE], looking for [_result] with value [EO_SCRIPT_CHECK]\",\n      \"✅ Test pass for bucket [UW_VOLUME_LIFE], looking for [_result] with value [300001]\"\n    ]\n  }\n}",
              "code": "// Getting enquiry result\n            const reporting = new Report(addContext, this)\n            const enquiryResults = await umeApi.enquiryResult(reporting)\n            const failedAssertions = []\n            const successAssertions = []\n            // Evaluating each result\n            enquiryResults.forEach(result => {\n                const evaluationReport = result.evaluate(reporting)\n                if (evaluationReport === STATUS.ERROR)\n                    failedAssertions.push(result.generateMessageText())\n                else\n                    successAssertions.push(result.generateMessageText())\n            })\n            reporting.addReport(\"Failing Reason\", failedAssertions)\n            reporting.addReport(\"Success Report\", successAssertions)\n            reporting.publishReport()\n            assert.deepEqual(failedAssertions, [], `Found ${failedAssertions.length} error while testing. See report for more details`)",
              "err": {},
              "uuid": "377bf2e0-cb67-4bd9-812c-eea20374a060",
              "parentUUID": "90081dc1-003b-4d4d-82c7-40a1a714e26f",
              "isHook": false,
              "skipped": false
            }
          ],
          "suites": [],
          "passes": [
            "bc063924-33d5-4980-83fb-0e6a4d3269f9",
            "d5e5c5b6-6728-4a1b-9a52-153a50bc6d3a",
            "377bf2e0-cb67-4bd9-812c-eea20374a060"
          ],
          "failures": [],
          "pending": [],
          "skipped": [],
          "duration": 2352,
          "root": false,
          "rootEmpty": false,
          "_timeout": 300000
        },
        {
          "uuid": "35e99b4d-088b-4bf3-8fb7-98e6252c8384",
          "title": "Test No. 11: UW_Volumne [>300k-500k] and [age<40] age = 20",
          "fullFile": "/Users/nikhilkumargupta/API_Test/JEST-API-TESTING/test/test.js",
          "file": "/test/test.js",
          "beforeHooks": [],
          "afterHooks": [],
          "tests": [
            {
              "title": "POSTING ENQUIRY DATA",
              "fullTitle": "Test No. 11: UW_Volumne [>300k-500k] and [age<40] age = 20 POSTING ENQUIRY DATA",
              "timedOut": false,
              "duration": 410,
              "state": "passed",
              "speed": "slow",
              "pass": true,
              "fail": false,
              "pending": false,
              "context": "{\n  \"title\": \"REPORT\",\n  \"value\": {\n    \"message\": \"Enquiry posted successfully\"\n  }\n}",
              "code": "const reporting = new Report(addContext, this)\nconst response = await umeApi.postEnquiry(reporting)\nreporting.publishReport()\nassert.equal(response, STATUS.OK)",
              "err": {},
              "uuid": "af36a9a3-a7a1-4b19-8ab1-a5487e140e28",
              "parentUUID": "35e99b4d-088b-4bf3-8fb7-98e6252c8384",
              "isHook": false,
              "skipped": false
            },
            {
              "title": "CLOSING ENQUIRY",
              "fullTitle": "Test No. 11: UW_Volumne [>300k-500k] and [age<40] age = 20 CLOSING ENQUIRY",
              "timedOut": false,
              "duration": 405,
              "state": "passed",
              "speed": "slow",
              "pass": true,
              "fail": false,
              "pending": false,
              "context": "{\n  \"title\": \"REPORT\",\n  \"value\": {\n    \"message\": \"Enquiry closed successfully\"\n  }\n}",
              "code": "const reporting = new Report(addContext, this)\nconst response = await umeApi.closeEnquiry(reporting)\nreporting.publishReport()\nassert.equal(response, STATUS.OK)",
              "err": {},
              "uuid": "b3892bac-b54f-4f22-87ad-79cdcea6ccf9",
              "parentUUID": "35e99b4d-088b-4bf3-8fb7-98e6252c8384",
              "isHook": false,
              "skipped": false
            },
            {
              "title": "EVALUATING ENQUIRY RESULT",
              "fullTitle": "Test No. 11: UW_Volumne [>300k-500k] and [age<40] age = 20 EVALUATING ENQUIRY RESULT",
              "timedOut": false,
              "duration": 1760,
              "state": "passed",
              "speed": "slow",
              "pass": true,
              "fail": false,
              "pending": false,
              "context": "{\n  \"title\": \"REPORT\",\n  \"value\": {\n    \"Snapshot ID \": 11,\n    \"Bucket Outcome\": {\n      \"BMI : 21\": [\n        \"Build : 21\"\n      ],\n      \"COMBINED_HEIGHT_INCHES : 65\": [\n        \"Build : 65\"\n      ],\n      \"CONSOLIDATED_EVIDENCE_LIFE : EO_SCRIPT_CHECK\": [\n        \"Evidence_Required : EO_LABPIQ\",\n        \"Evidence_Required : EO_SCRIPT_CHECK\"\n      ],\n      \"DECISION_LIFE : EVIDENCE_REQUIRED\": [\n        \"Non_Medical_Limits : EVIDENCE_REQUIRED\",\n        \"Build : STANDARD\",\n        \"CV_Risk_Calculator_Life : STANDARD\"\n      ],\n      \"EM_LIFE : 0\": [\n        \"EM_Rounding : 0\"\n      ],\n      \"EVIDENCE_LIFE : EO_SCRIPT_CHECK\": [\n        \"Non_Medical_Limits : EO_SCRIPT_CHECK\",\n        \"Non_Medical_Limits : EO_LABPIQ\"\n      ],\n      \"UW_VOLUME_LIFE : 400000\": [\n        \"Non_Medical_Limits : 400000\"\n      ]\n    },\n    \"Failing Reason\": [],\n    \"Success Report\": [\n      \"✅ Test pass for bucket [DECISION_LIFE], looking for [_result] with value [EVIDENCE_REQUIRED]\",\n      \"✅ Test pass for bucket [DECISION_LIFE], looking for [Non_Medical_Limits] with value [EVIDENCE_REQUIRED]\",\n      \"✅ Test pass for bucket [EVIDENCE_LIFE], looking for [_result] with value [EO_SCRIPT_CHECK]\",\n      \"✅ Test pass for bucket [UW_VOLUME_LIFE], looking for [_result] with value [400000]\"\n    ]\n  }\n}",
              "code": "// Getting enquiry result\n            const reporting = new Report(addContext, this)\n            const enquiryResults = await umeApi.enquiryResult(reporting)\n            const failedAssertions = []\n            const successAssertions = []\n            // Evaluating each result\n            enquiryResults.forEach(result => {\n                const evaluationReport = result.evaluate(reporting)\n                if (evaluationReport === STATUS.ERROR)\n                    failedAssertions.push(result.generateMessageText())\n                else\n                    successAssertions.push(result.generateMessageText())\n            })\n            reporting.addReport(\"Failing Reason\", failedAssertions)\n            reporting.addReport(\"Success Report\", successAssertions)\n            reporting.publishReport()\n            assert.deepEqual(failedAssertions, [], `Found ${failedAssertions.length} error while testing. See report for more details`)",
              "err": {},
              "uuid": "e161b5a2-bb70-4539-be4f-ec5503700c62",
              "parentUUID": "35e99b4d-088b-4bf3-8fb7-98e6252c8384",
              "isHook": false,
              "skipped": false
            }
          ],
          "suites": [],
          "passes": [
            "af36a9a3-a7a1-4b19-8ab1-a5487e140e28",
            "b3892bac-b54f-4f22-87ad-79cdcea6ccf9",
            "e161b5a2-bb70-4539-be4f-ec5503700c62"
          ],
          "failures": [],
          "pending": [],
          "skipped": [],
          "duration": 2575,
          "root": false,
          "rootEmpty": false,
          "_timeout": 300000
        },
        {
          "uuid": "c9941d77-1591-44dc-b4c6-fa1903a4b4f1",
          "title": "Test No. 12: UW_Volumne [>300k-500k] and [age<40] age = 39",
          "fullFile": "/Users/nikhilkumargupta/API_Test/JEST-API-TESTING/test/test.js",
          "file": "/test/test.js",
          "beforeHooks": [],
          "afterHooks": [],
          "tests": [
            {
              "title": "POSTING ENQUIRY DATA",
              "fullTitle": "Test No. 12: UW_Volumne [>300k-500k] and [age<40] age = 39 POSTING ENQUIRY DATA",
              "timedOut": false,
              "duration": 413,
              "state": "passed",
              "speed": "slow",
              "pass": true,
              "fail": false,
              "pending": false,
              "context": "{\n  \"title\": \"REPORT\",\n  \"value\": {\n    \"message\": \"Enquiry posted successfully\"\n  }\n}",
              "code": "const reporting = new Report(addContext, this)\nconst response = await umeApi.postEnquiry(reporting)\nreporting.publishReport()\nassert.equal(response, STATUS.OK)",
              "err": {},
              "uuid": "4920a772-ab0b-45ff-a8a0-f9ed401bfc8b",
              "parentUUID": "c9941d77-1591-44dc-b4c6-fa1903a4b4f1",
              "isHook": false,
              "skipped": false
            },
            {
              "title": "CLOSING ENQUIRY",
              "fullTitle": "Test No. 12: UW_Volumne [>300k-500k] and [age<40] age = 39 CLOSING ENQUIRY",
              "timedOut": false,
              "duration": 411,
              "state": "passed",
              "speed": "slow",
              "pass": true,
              "fail": false,
              "pending": false,
              "context": "{\n  \"title\": \"REPORT\",\n  \"value\": {\n    \"message\": \"Enquiry closed successfully\"\n  }\n}",
              "code": "const reporting = new Report(addContext, this)\nconst response = await umeApi.closeEnquiry(reporting)\nreporting.publishReport()\nassert.equal(response, STATUS.OK)",
              "err": {},
              "uuid": "5f183736-f09b-4f9f-b704-1d2b97cc721c",
              "parentUUID": "c9941d77-1591-44dc-b4c6-fa1903a4b4f1",
              "isHook": false,
              "skipped": false
            },
            {
              "title": "EVALUATING ENQUIRY RESULT",
              "fullTitle": "Test No. 12: UW_Volumne [>300k-500k] and [age<40] age = 39 EVALUATING ENQUIRY RESULT",
              "timedOut": false,
              "duration": 3176,
              "state": "passed",
              "speed": "slow",
              "pass": true,
              "fail": false,
              "pending": false,
              "context": "{\n  \"title\": \"REPORT\",\n  \"value\": {\n    \"Snapshot ID \": 12,\n    \"Bucket Outcome\": {\n      \"BMI : 21\": [\n        \"Build : 21\"\n      ],\n      \"COMBINED_HEIGHT_INCHES : 65\": [\n        \"Build : 65\"\n      ],\n      \"CONSOLIDATED_EVIDENCE_LIFE : EO_SCRIPT_CHECK\": [\n        \"Evidence_Required : EO_LABPIQ\",\n        \"Evidence_Required : EO_SCRIPT_CHECK\"\n      ],\n      \"DECISION_LIFE : EVIDENCE_REQUIRED\": [\n        \"Non_Medical_Limits : EVIDENCE_REQUIRED\",\n        \"Build : STANDARD\",\n        \"CV_Risk_Calculator_Life : STANDARD\"\n      ],\n      \"EM_LIFE : 0\": [\n        \"EM_Rounding : 0\"\n      ],\n      \"EVIDENCE_LIFE : EO_SCRIPT_CHECK\": [\n        \"Non_Medical_Limits : EO_SCRIPT_CHECK\",\n        \"Non_Medical_Limits : EO_LABPIQ\"\n      ],\n      \"UW_VOLUME_LIFE : 499999\": [\n        \"Non_Medical_Limits : 499999\"\n      ]\n    },\n    \"Failing Reason\": [],\n    \"Success Report\": [\n      \"✅ Test pass for bucket [DECISION_LIFE], looking for [_result] with value [EVIDENCE_REQUIRED]\",\n      \"✅ Test pass for bucket [DECISION_LIFE], looking for [Non_Medical_Limits] with value [EVIDENCE_REQUIRED]\",\n      \"✅ Test pass for bucket [EVIDENCE_LIFE], looking for [_result] with value [EO_SCRIPT_CHECK]\",\n      \"✅ Test pass for bucket [UW_VOLUME_LIFE], looking for [_result] with value [499999]\"\n    ]\n  }\n}",
              "code": "// Getting enquiry result\n            const reporting = new Report(addContext, this)\n            const enquiryResults = await umeApi.enquiryResult(reporting)\n            const failedAssertions = []\n            const successAssertions = []\n            // Evaluating each result\n            enquiryResults.forEach(result => {\n                const evaluationReport = result.evaluate(reporting)\n                if (evaluationReport === STATUS.ERROR)\n                    failedAssertions.push(result.generateMessageText())\n                else\n                    successAssertions.push(result.generateMessageText())\n            })\n            reporting.addReport(\"Failing Reason\", failedAssertions)\n            reporting.addReport(\"Success Report\", successAssertions)\n            reporting.publishReport()\n            assert.deepEqual(failedAssertions, [], `Found ${failedAssertions.length} error while testing. See report for more details`)",
              "err": {},
              "uuid": "d39edfdc-f3c5-4936-b717-8e9168e60f51",
              "parentUUID": "c9941d77-1591-44dc-b4c6-fa1903a4b4f1",
              "isHook": false,
              "skipped": false
            }
          ],
          "suites": [],
          "passes": [
            "4920a772-ab0b-45ff-a8a0-f9ed401bfc8b",
            "5f183736-f09b-4f9f-b704-1d2b97cc721c",
            "d39edfdc-f3c5-4936-b717-8e9168e60f51"
          ],
          "failures": [],
          "pending": [],
          "skipped": [],
          "duration": 4000,
          "root": false,
          "rootEmpty": false,
          "_timeout": 300000
        },
        {
          "uuid": "48f51e39-f487-4841-bc39-e726f266320b",
          "title": "Test No. 13: UW_Volumne [>300k-500k] and [age<40] age = 39 year 11 Months",
          "fullFile": "/Users/nikhilkumargupta/API_Test/JEST-API-TESTING/test/test.js",
          "file": "/test/test.js",
          "beforeHooks": [],
          "afterHooks": [],
          "tests": [
            {
              "title": "POSTING ENQUIRY DATA",
              "fullTitle": "Test No. 13: UW_Volumne [>300k-500k] and [age<40] age = 39 year 11 Months POSTING ENQUIRY DATA",
              "timedOut": false,
              "duration": 399,
              "state": "passed",
              "speed": "slow",
              "pass": true,
              "fail": false,
              "pending": false,
              "context": "{\n  \"title\": \"REPORT\",\n  \"value\": {\n    \"message\": \"Enquiry posted successfully\"\n  }\n}",
              "code": "const reporting = new Report(addContext, this)\nconst response = await umeApi.postEnquiry(reporting)\nreporting.publishReport()\nassert.equal(response, STATUS.OK)",
              "err": {},
              "uuid": "536a7382-3860-4126-87ff-b3bf3087900a",
              "parentUUID": "48f51e39-f487-4841-bc39-e726f266320b",
              "isHook": false,
              "skipped": false
            },
            {
              "title": "CLOSING ENQUIRY",
              "fullTitle": "Test No. 13: UW_Volumne [>300k-500k] and [age<40] age = 39 year 11 Months CLOSING ENQUIRY",
              "timedOut": false,
              "duration": 408,
              "state": "passed",
              "speed": "slow",
              "pass": true,
              "fail": false,
              "pending": false,
              "context": "{\n  \"title\": \"REPORT\",\n  \"value\": {\n    \"message\": \"Enquiry closed successfully\"\n  }\n}",
              "code": "const reporting = new Report(addContext, this)\nconst response = await umeApi.closeEnquiry(reporting)\nreporting.publishReport()\nassert.equal(response, STATUS.OK)",
              "err": {},
              "uuid": "04db4cf9-a698-46ad-96f5-bd6904714798",
              "parentUUID": "48f51e39-f487-4841-bc39-e726f266320b",
              "isHook": false,
              "skipped": false
            },
            {
              "title": "EVALUATING ENQUIRY RESULT",
              "fullTitle": "Test No. 13: UW_Volumne [>300k-500k] and [age<40] age = 39 year 11 Months EVALUATING ENQUIRY RESULT",
              "timedOut": false,
              "duration": 2089,
              "state": "passed",
              "speed": "slow",
              "pass": true,
              "fail": false,
              "pending": false,
              "context": "{\n  \"title\": \"REPORT\",\n  \"value\": {\n    \"Snapshot ID \": 13,\n    \"Bucket Outcome\": {\n      \"BMI : 21\": [\n        \"Build : 21\"\n      ],\n      \"COMBINED_HEIGHT_INCHES : 65\": [\n        \"Build : 65\"\n      ],\n      \"CONSOLIDATED_EVIDENCE_LIFE : EO_SCRIPT_CHECK\": [\n        \"Evidence_Required : EO_LABPIQ\",\n        \"Evidence_Required : EO_SCRIPT_CHECK\"\n      ],\n      \"DECISION_LIFE : EVIDENCE_REQUIRED\": [\n        \"Non_Medical_Limits : EVIDENCE_REQUIRED\",\n        \"Build : STANDARD\",\n        \"CV_Risk_Calculator_Life : STANDARD\"\n      ],\n      \"EM_LIFE : 0\": [\n        \"EM_Rounding : 0\"\n      ],\n      \"EVIDENCE_LIFE : EO_SCRIPT_CHECK\": [\n        \"Non_Medical_Limits : EO_SCRIPT_CHECK\",\n        \"Non_Medical_Limits : EO_LABPIQ\"\n      ],\n      \"UW_VOLUME_LIFE : 500000\": [\n        \"Non_Medical_Limits : 500000\"\n      ]\n    },\n    \"Failing Reason\": [],\n    \"Success Report\": [\n      \"✅ Test pass for bucket [DECISION_LIFE], looking for [_result] with value [EVIDENCE_REQUIRED]\",\n      \"✅ Test pass for bucket [DECISION_LIFE], looking for [Non_Medical_Limits] with value [EVIDENCE_REQUIRED]\",\n      \"✅ Test pass for bucket [EVIDENCE_LIFE], looking for [_result] with value [EO_SCRIPT_CHECK]\",\n      \"✅ Test pass for bucket [UW_VOLUME_LIFE], looking for [_result] with value [500000]\"\n    ]\n  }\n}",
              "code": "// Getting enquiry result\n            const reporting = new Report(addContext, this)\n            const enquiryResults = await umeApi.enquiryResult(reporting)\n            const failedAssertions = []\n            const successAssertions = []\n            // Evaluating each result\n            enquiryResults.forEach(result => {\n                const evaluationReport = result.evaluate(reporting)\n                if (evaluationReport === STATUS.ERROR)\n                    failedAssertions.push(result.generateMessageText())\n                else\n                    successAssertions.push(result.generateMessageText())\n            })\n            reporting.addReport(\"Failing Reason\", failedAssertions)\n            reporting.addReport(\"Success Report\", successAssertions)\n            reporting.publishReport()\n            assert.deepEqual(failedAssertions, [], `Found ${failedAssertions.length} error while testing. See report for more details`)",
              "err": {},
              "uuid": "67c18985-931e-4983-8579-be11cd57c4cc",
              "parentUUID": "48f51e39-f487-4841-bc39-e726f266320b",
              "isHook": false,
              "skipped": false
            }
          ],
          "suites": [],
          "passes": [
            "536a7382-3860-4126-87ff-b3bf3087900a",
            "04db4cf9-a698-46ad-96f5-bd6904714798",
            "67c18985-931e-4983-8579-be11cd57c4cc"
          ],
          "failures": [],
          "pending": [],
          "skipped": [],
          "duration": 2896,
          "root": false,
          "rootEmpty": false,
          "_timeout": 300000
        },
        {
          "uuid": "e9457128-e22f-4f56-a32a-4cf69404c886",
          "title": "Test No. 14: UW_Volumne [>500k-750k] and [age<40] age = 1",
          "fullFile": "/Users/nikhilkumargupta/API_Test/JEST-API-TESTING/test/test.js",
          "file": "/test/test.js",
          "beforeHooks": [],
          "afterHooks": [],
          "tests": [
            {
              "title": "POSTING ENQUIRY DATA",
              "fullTitle": "Test No. 14: UW_Volumne [>500k-750k] and [age<40] age = 1 POSTING ENQUIRY DATA",
              "timedOut": false,
              "duration": 424,
              "state": "passed",
              "speed": "slow",
              "pass": true,
              "fail": false,
              "pending": false,
              "context": "{\n  \"title\": \"REPORT\",\n  \"value\": {\n    \"message\": \"Enquiry posted successfully\"\n  }\n}",
              "code": "const reporting = new Report(addContext, this)\nconst response = await umeApi.postEnquiry(reporting)\nreporting.publishReport()\nassert.equal(response, STATUS.OK)",
              "err": {},
              "uuid": "d1320c4f-9cae-4fd3-989d-31cae778acd3",
              "parentUUID": "e9457128-e22f-4f56-a32a-4cf69404c886",
              "isHook": false,
              "skipped": false
            },
            {
              "title": "CLOSING ENQUIRY",
              "fullTitle": "Test No. 14: UW_Volumne [>500k-750k] and [age<40] age = 1 CLOSING ENQUIRY",
              "timedOut": false,
              "duration": 404,
              "state": "passed",
              "speed": "slow",
              "pass": true,
              "fail": false,
              "pending": false,
              "context": "{\n  \"title\": \"REPORT\",\n  \"value\": {\n    \"message\": \"Enquiry closed successfully\"\n  }\n}",
              "code": "const reporting = new Report(addContext, this)\nconst response = await umeApi.closeEnquiry(reporting)\nreporting.publishReport()\nassert.equal(response, STATUS.OK)",
              "err": {},
              "uuid": "d159efff-77c4-484c-9cdb-8583b8243b10",
              "parentUUID": "e9457128-e22f-4f56-a32a-4cf69404c886",
              "isHook": false,
              "skipped": false
            },
            {
              "title": "EVALUATING ENQUIRY RESULT",
              "fullTitle": "Test No. 14: UW_Volumne [>500k-750k] and [age<40] age = 1 EVALUATING ENQUIRY RESULT",
              "timedOut": false,
              "duration": 2314,
              "state": "passed",
              "speed": "slow",
              "pass": true,
              "fail": false,
              "pending": false,
              "context": "{\n  \"title\": \"REPORT\",\n  \"value\": {\n    \"Snapshot ID \": 14,\n    \"Bucket Outcome\": {\n      \"BMI : 21\": [\n        \"Build : 21\"\n      ],\n      \"COMBINED_HEIGHT_INCHES : 65\": [\n        \"Build : 65\"\n      ],\n      \"CONSOLIDATED_EVIDENCE_LIFE : EO_SCRIPT_CHECK\": [\n        \"Evidence_Required : EO_LABPIQ\",\n        \"Evidence_Required : EO_SCRIPT_CHECK\"\n      ],\n      \"DECISION_LIFE : EVIDENCE_REQUIRED\": [\n        \"Non_Medical_Limits : EVIDENCE_REQUIRED\",\n        \"Build : STANDARD\",\n        \"CV_Risk_Calculator_Life : STANDARD\"\n      ],\n      \"EM_LIFE : 0\": [\n        \"EM_Rounding : 0\"\n      ],\n      \"EVIDENCE_LIFE : EO_SCRIPT_CHECK\": [\n        \"Non_Medical_Limits : EO_SCRIPT_CHECK\",\n        \"Non_Medical_Limits : EO_LABPIQ\"\n      ],\n      \"UW_VOLUME_LIFE : 500001\": [\n        \"Non_Medical_Limits : 500001\"\n      ]\n    },\n    \"Failing Reason\": [],\n    \"Success Report\": [\n      \"✅ Test pass for bucket [DECISION_LIFE], looking for [_result] with value [EVIDENCE_REQUIRED]\",\n      \"✅ Test pass for bucket [DECISION_LIFE], looking for [Non_Medical_Limits] with value [EVIDENCE_REQUIRED]\",\n      \"✅ Test pass for bucket [EVIDENCE_LIFE], looking for [_result] with value [EO_SCRIPT_CHECK]\",\n      \"✅ Test pass for bucket [UW_VOLUME_LIFE], looking for [_result] with value [500001]\"\n    ]\n  }\n}",
              "code": "// Getting enquiry result\n            const reporting = new Report(addContext, this)\n            const enquiryResults = await umeApi.enquiryResult(reporting)\n            const failedAssertions = []\n            const successAssertions = []\n            // Evaluating each result\n            enquiryResults.forEach(result => {\n                const evaluationReport = result.evaluate(reporting)\n                if (evaluationReport === STATUS.ERROR)\n                    failedAssertions.push(result.generateMessageText())\n                else\n                    successAssertions.push(result.generateMessageText())\n            })\n            reporting.addReport(\"Failing Reason\", failedAssertions)\n            reporting.addReport(\"Success Report\", successAssertions)\n            reporting.publishReport()\n            assert.deepEqual(failedAssertions, [], `Found ${failedAssertions.length} error while testing. See report for more details`)",
              "err": {},
              "uuid": "0524be89-802a-43d3-b3db-ee13dba89195",
              "parentUUID": "e9457128-e22f-4f56-a32a-4cf69404c886",
              "isHook": false,
              "skipped": false
            }
          ],
          "suites": [],
          "passes": [
            "d1320c4f-9cae-4fd3-989d-31cae778acd3",
            "d159efff-77c4-484c-9cdb-8583b8243b10",
            "0524be89-802a-43d3-b3db-ee13dba89195"
          ],
          "failures": [],
          "pending": [],
          "skipped": [],
          "duration": 3142,
          "root": false,
          "rootEmpty": false,
          "_timeout": 300000
        },
        {
          "uuid": "e86e90e0-4783-445f-96cb-e62c2ad1e14a",
          "title": "Test No. 15: UW_Volumne [>500k-750k] and [age<40] age = 20",
          "fullFile": "/Users/nikhilkumargupta/API_Test/JEST-API-TESTING/test/test.js",
          "file": "/test/test.js",
          "beforeHooks": [],
          "afterHooks": [],
[...]
              "code": "// Getting enquiry result\n            const reporting = new Report(addContext, this)\n            const enquiryResults = await umeApi.enquiryResult(reporting)\n            const failedAssertions = []\n            const successAssertions = []\n            // Evaluating each result\n            enquiryResults.forEach(result => {\n                const evaluationReport = result.evaluate(reporting)\n                if (evaluationReport === STATUS.ERROR)\n                    failedAssertions.push(result.generateMessageText())\n                else\n                    successAssertions.push(result.generateMessageText())\n            })\n            reporting.addReport(\"Failing Reason\", failedAssertions)\n            reporting.addReport(\"Success Report\", successAssertions)\n            reporting.publishReport()\n            assert.deepEqual(failedAssertions, [], `Found ${failedAssertions.length} error while testing. See report for more details`)",
              "err": {},
              "uuid": "957a78c6-d0f5-4ac5-a95a-4ce26b7be1ed",
              "parentUUID": "e541fcbd-6d00-4373-8587-381be2b88e05",
              "isHook": false,
              "skipped": false
            }
          ],
          "suites": [],
          "passes": [
            "30a974fc-cde1-45f3-bb4d-dfa36dd4293b",
            "1e7ee57e-9f3f-43a3-b415-6e4b21fb415f",
            "957a78c6-d0f5-4ac5-a95a-4ce26b7be1ed"
          ],
          "failures": [],
          "pending": [],
          "skipped": [],
          "duration": 13852,
          "root": false,
          "rootEmpty": false,
          "_timeout": 300000
        },
        {
          "uuid": "30cdcd1a-3a8b-4222-9b04-52a46215f8f1",
          "title": "Test No. 91: UW_Volumne [>1M] and  [age>60] age = 60",
          "fullFile": "/Users/nikhilkumargupta/API_Test/JEST-API-TESTING/test/test.js",
          "file": "/test/test.js",
          "beforeHooks": [],
          "afterHooks": [],
          "tests": [
            {
              "title": "POSTING ENQUIRY DATA",
              "fullTitle": "Test No. 91: UW_Volumne [>1M] and  [age>60] age = 60 POSTING ENQUIRY DATA",
              "timedOut": false,
              "duration": 555,
              "state": "passed",
              "speed": "slow",
              "pass": true,
              "fail": false,
              "pending": false,
              "context": "{\n  \"title\": \"REPORT\",\n  \"value\": {\n    \"message\": \"Enquiry posted successfully\"\n  }\n}",
              "code": "const reporting = new Report(addContext, this)\nconst response = await umeApi.postEnquiry(reporting)\nreporting.publishReport()\nassert.equal(response, STATUS.OK)",
              "err": {},
              "uuid": "00d8b253-45f2-4636-9897-552041a7dc9b",
              "parentUUID": "30cdcd1a-3a8b-4222-9b04-52a46215f8f1",
              "isHook": false,
              "skipped": false
            },
            {
              "title": "CLOSING ENQUIRY",
              "fullTitle": "Test No. 91: UW_Volumne [>1M] and  [age>60] age = 60 CLOSING ENQUIRY",
              "timedOut": false,
              "duration": 447,
              "state": "passed",
              "speed": "slow",
              "pass": true,
              "fail": false,
              "pending": false,
              "context": "{\n  \"title\": \"REPORT\",\n  \"value\": {\n    \"message\": \"Enquiry closed successfully\"\n  }\n}",
              "code": "const reporting = new Report(addContext, this)\nconst response = await umeApi.closeEnquiry(reporting)\nreporting.publishReport()\nassert.equal(response, STATUS.OK)",
              "err": {},
              "uuid": "f5dd32ca-7ec5-41cf-95b4-b12786f0c3dc",
              "parentUUID": "30cdcd1a-3a8b-4222-9b04-52a46215f8f1",
              "isHook": false,
              "skipped": false
            },
            {
              "title": "EVALUATING ENQUIRY RESULT",
              "fullTitle": "Test No. 91: UW_Volumne [>1M] and  [age>60] age = 60 EVALUATING ENQUIRY RESULT",
              "timedOut": false,
              "duration": 12950,
              "state": "passed",
              "speed": "slow",
              "pass": true,
              "fail": false,
              "pending": false,
              "context": "{\n  \"title\": \"REPORT\",\n  \"value\": {\n    \"Snapshot ID \": 91,\n    \"Bucket Outcome\": {\n      \"BMI : 21\": [\n        \"Build : 21\"\n      ],\n      \"COMBINED_HEIGHT_INCHES : 65\": [\n        \"Build : 65\"\n      ],\n      \"CONSOLIDATED_EVIDENCE_LIFE : PARA\": [\n        \"Evidence_Required : EO_EHR\",\n        \"Evidence_Required : EO_LABPIQ\",\n        \"Evidence_Required : EO_SCRIPT_CHECK\",\n        \"Evidence_Required : PARA\"\n      ],\n      \"DECISION_LIFE : EVIDENCE_REQUIRED\": [\n        \"Non_Medical_Limits : EVIDENCE_REQUIRED\",\n        \"Build : STANDARD\",\n        \"CV_Risk_Calculator_Life : STANDARD\"\n      ],\n      \"EM_LIFE : 0\": [\n        \"EM_Rounding : 0\"\n      ],\n      \"EVIDENCE_LIFE : PARA\": [\n        \"Non_Medical_Limits : EO_SCRIPT_CHECK\",\n        \"Non_Medical_Limits : EO_LABPIQ\",\n        \"Non_Medical_Limits : EO_EHR\",\n        \"Non_Medical_Limits : PARA\"\n      ],\n      \"UW_VOLUME_LIFE : 1000001\": [\n        \"Non_Medical_Limits : 1000001\"\n      ]\n    },\n    \"Failing Reason\": [],\n    \"Success Report\": [\n      \"✅ Test pass for bucket [DECISION_LIFE], looking for [_result] with value [EVIDENCE_REQUIRED]\",\n      \"✅ Test pass for bucket [DECISION_LIFE], looking for [Non_Medical_Limits] with value [EVIDENCE_REQUIRED]\",\n      \"✅ Test pass for bucket [EVIDENCE_LIFE], looking for [_result] with value [PARA]\",\n      \"✅ Test pass for bucket [UW_VOLUME_LIFE], looking for [_result] with value [1000001]\"\n    ]\n  }\n}",
              "code": "// Getting enquiry result\n            const reporting = new Report(addContext, this)\n            const enquiryResults = await umeApi.enquiryResult(reporting)\n            const failedAssertions = []\n            const successAssertions = []\n            // Evaluating each result\n            enquiryResults.forEach(result => {\n                const evaluationReport = result.evaluate(reporting)\n                if (evaluationReport === STATUS.ERROR)\n                    failedAssertions.push(result.generateMessageText())\n                else\n                    successAssertions.push(result.generateMessageText())\n            })\n            reporting.addReport(\"Failing Reason\", failedAssertions)\n            reporting.addReport(\"Success Report\", successAssertions)\n            reporting.publishReport()\n            assert.deepEqual(failedAssertions, [], `Found ${failedAssertions.length} error while testing. See report for more details`)",
              "err": {},
              "uuid": "ceaa2845-fee3-4e38-8565-be520734acb3",
              "parentUUID": "30cdcd1a-3a8b-4222-9b04-52a46215f8f1",
              "isHook": false,
              "skipped": false
            }
          ],
          "suites": [],
          "passes": [
            "00d8b253-45f2-4636-9897-552041a7dc9b",
            "f5dd32ca-7ec5-41cf-95b4-b12786f0c3dc",
            "ceaa2845-fee3-4e38-8565-be520734acb3"
          ],
          "failures": [],
          "pending": [],
          "skipped": [],
          "duration": 13952,
          "root": false,
          "rootEmpty": false,
          "_timeout": 300000
        },
        {
          "uuid": "96753776-2e6f-4907-b4d1-902c239f012b",
          "title": "Test No. 92: UW_Volumne [>1M] and  [age>60] age = 61",
          "fullFile": "/Users/nikhilkumargupta/API_Test/JEST-API-TESTING/test/test.js",
          "file": "/test/test.js",
          "beforeHooks": [],
          "afterHooks": [],
          "tests": [
            {
              "title": "POSTING ENQUIRY DATA",
              "fullTitle": "Test No. 92: UW_Volumne [>1M] and  [age>60] age = 61 POSTING ENQUIRY DATA",
              "timedOut": false,
              "duration": 447,
              "state": "passed",
              "speed": "slow",
              "pass": true,
              "fail": false,
              "pending": false,
              "context": "{\n  \"title\": \"REPORT\",\n  \"value\": {\n    \"message\": \"Enquiry posted successfully\"\n  }\n}",
              "code": "const reporting = new Report(addContext, this)\nconst response = await umeApi.postEnquiry(reporting)\nreporting.publishReport()\nassert.equal(response, STATUS.OK)",
              "err": {},
              "uuid": "05a0855e-cd3d-4834-85f1-bd2b3950dcf1",
              "parentUUID": "96753776-2e6f-4907-b4d1-902c239f012b",
              "isHook": false,
              "skipped": false
            },
            {
              "title": "CLOSING ENQUIRY",
              "fullTitle": "Test No. 92: UW_Volumne [>1M] and  [age>60] age = 61 CLOSING ENQUIRY",
              "timedOut": false,
              "duration": 434,
              "state": "passed",
              "speed": "slow",
              "pass": true,
              "fail": false,
              "pending": false,
              "context": "{\n  \"title\": \"REPORT\",\n  \"value\": {\n    \"message\": \"Enquiry closed successfully\"\n  }\n}",
              "code": "const reporting = new Report(addContext, this)\nconst response = await umeApi.closeEnquiry(reporting)\nreporting.publishReport()\nassert.equal(response, STATUS.OK)",
              "err": {},
              "uuid": "d91ecd54-55cf-417d-9d36-0fd4aad2b1aa",
              "parentUUID": "96753776-2e6f-4907-b4d1-902c239f012b",
              "isHook": false,
              "skipped": false
            },
            {
              "title": "EVALUATING ENQUIRY RESULT",
              "fullTitle": "Test No. 92: UW_Volumne [>1M] and  [age>60] age = 61 EVALUATING ENQUIRY RESULT",
              "timedOut": false,
              "duration": 13108,
              "state": "passed",
              "speed": "slow",
              "pass": true,
              "fail": false,
              "pending": false,
              "context": "{\n  \"title\": \"REPORT\",\n  \"value\": {\n    \"Snapshot ID \": 92,\n    \"Bucket Outcome\": {\n      \"BMI : 21\": [\n        \"Build : 21\"\n      ],\n      \"COMBINED_HEIGHT_INCHES : 65\": [\n        \"Build : 65\"\n      ],\n      \"CONSOLIDATED_EVIDENCE_LIFE : PARA\": [\n        \"Evidence_Required : EO_EHR\",\n        \"Evidence_Required : EO_LABPIQ\",\n        \"Evidence_Required : EO_SCRIPT_CHECK\",\n        \"Evidence_Required : PARA\"\n      ],\n      \"DECISION_LIFE : EVIDENCE_REQUIRED\": [\n        \"Non_Medical_Limits : EVIDENCE_REQUIRED\",\n        \"Build : STANDARD\",\n        \"CV_Risk_Calculator_Life : STANDARD\"\n      ],\n      \"EM_LIFE : 0\": [\n        \"EM_Rounding : 0\"\n      ],\n      \"EVIDENCE_LIFE : PARA\": [\n        \"Non_Medical_Limits : EO_SCRIPT_CHECK\",\n        \"Non_Medical_Limits : EO_LABPIQ\",\n        \"Non_Medical_Limits : EO_EHR\",\n        \"Non_Medical_Limits : PARA\"\n      ],\n      \"UW_VOLUME_LIFE : 1500000\": [\n        \"Non_Medical_Limits : 1500000\"\n      ]\n    },\n    \"Failing Reason\": [],\n    \"Success Report\": [\n      \"✅ Test pass for bucket [DECISION_LIFE], looking for [_result] with value [EVIDENCE_REQUIRED]\",\n      \"✅ Test pass for bucket [DECISION_LIFE], looking for [Non_Medical_Limits] with value [EVIDENCE_REQUIRED]\",\n      \"✅ Test pass for bucket [EVIDENCE_LIFE], looking for [_result] with value [PARA]\",\n      \"✅ Test pass for bucket [UW_VOLUME_LIFE], looking for [_result] with value [1500000]\"\n    ]\n  }\n}",
              "code": "// Getting enquiry result\n            const reporting = new Report(addContext, this)\n            const enquiryResults = await umeApi.enquiryResult(reporting)\n            const failedAssertions = []\n            const successAssertions = []\n            // Evaluating each result\n            enquiryResults.forEach(result => {\n                const evaluationReport = result.evaluate(reporting)\n                if (evaluationReport === STATUS.ERROR)\n                    failedAssertions.push(result.generateMessageText())\n                else\n                    successAssertions.push(result.generateMessageText())\n            })\n            reporting.addReport(\"Failing Reason\", failedAssertions)\n            reporting.addReport(\"Success Report\", successAssertions)\n            reporting.publishReport()\n            assert.deepEqual(failedAssertions, [], `Found ${failedAssertions.length} error while testing. See report for more details`)",
              "err": {},
              "uuid": "d253e96e-a49c-4345-b86e-0310cdeaa879",
              "parentUUID": "96753776-2e6f-4907-b4d1-902c239f012b",
              "isHook": false,
              "skipped": false
            }
          ],
          "suites": [],
          "passes": [
            "05a0855e-cd3d-4834-85f1-bd2b3950dcf1",
            "d91ecd54-55cf-417d-9d36-0fd4aad2b1aa",
            "d253e96e-a49c-4345-b86e-0310cdeaa879"
          ],
          "failures": [],
          "pending": [],
          "skipped": [],
          "duration": 13989,
          "root": false,
          "rootEmpty": false,
          "_timeout": 300000
        },
        {
          "uuid": "86b13059-4b7f-44a8-b1b2-0d130acd51ef",
          "title": "Test No. 93: UW_Volumne [>1M] and  [age>60] age = 70",
          "fullFile": "/Users/nikhilkumargupta/API_Test/JEST-API-TESTING/test/test.js",
          "file": "/test/test.js",
          "beforeHooks": [],
          "afterHooks": [],
          "tests": [
            {
              "title": "POSTING ENQUIRY DATA",
              "fullTitle": "Test No. 93: UW_Volumne [>1M] and  [age>60] age = 70 POSTING ENQUIRY DATA",
              "timedOut": false,
              "duration": 531,
              "state": "passed",
              "speed": "slow",
              "pass": true,
              "fail": false,
              "pending": false,
              "context": "{\n  \"title\": \"REPORT\",\n  \"value\": {\n    \"message\": \"Enquiry posted successfully\"\n  }\n}",
              "code": "const reporting = new Report(addContext, this)\nconst response = await umeApi.postEnquiry(reporting)\nreporting.publishReport()\nassert.equal(response, STATUS.OK)",
              "err": {},
              "uuid": "0d567fc1-b20f-49b2-ab08-41be87b328ec",
              "parentUUID": "86b13059-4b7f-44a8-b1b2-0d130acd51ef",
              "isHook": false,
              "skipped": false
            },
            {
              "title": "CLOSING ENQUIRY",
              "fullTitle": "Test No. 93: UW_Volumne [>1M] and  [age>60] age = 70 CLOSING ENQUIRY",
              "timedOut": false,
              "duration": 444,
              "state": "passed",
              "speed": "slow",
              "pass": true,
              "fail": false,
              "pending": false,
              "context": "{\n  \"title\": \"REPORT\",\n  \"value\": {\n    \"message\": \"Enquiry closed successfully\"\n  }\n}",
              "code": "const reporting = new Report(addContext, this)\nconst response = await umeApi.closeEnquiry(reporting)\nreporting.publishReport()\nassert.equal(response, STATUS.OK)",
              "err": {},
              "uuid": "e78dc471-2c63-44bd-8193-774ce961a5bf",
              "parentUUID": "86b13059-4b7f-44a8-b1b2-0d130acd51ef",
              "isHook": false,
              "skipped": false
            },
            {
              "title": "EVALUATING ENQUIRY RESULT",
              "fullTitle": "Test No. 93: UW_Volumne [>1M] and  [age>60] age = 70 EVALUATING ENQUIRY RESULT",
              "timedOut": false,
              "duration": 12770,
              "state": "passed",
              "speed": "slow",
              "pass": true,
              "fail": false,
              "pending": false,
              "context": "{\n  \"title\": \"REPORT\",\n  \"value\": {\n    \"Snapshot ID \": 93,\n    \"Bucket Outcome\": {\n      \"BMI : 21\": [\n        \"Build : 21\"\n      ],\n      \"COMBINED_HEIGHT_INCHES : 65\": [\n        \"Build : 65\"\n      ],\n      \"CONSOLIDATED_EVIDENCE_LIFE : PARA\": [\n        \"Evidence_Required : EO_EHR\",\n        \"Evidence_Required : EO_LABPIQ\",\n        \"Evidence_Required : EO_SCRIPT_CHECK\",\n        \"Evidence_Required : PARA\"\n      ],\n      \"DECISION_LIFE : EVIDENCE_REQUIRED\": [\n        \"Non_Medical_Limits : EVIDENCE_REQUIRED\",\n        \"Build : STANDARD\",\n        \"CV_Risk_Calculator_Life : STANDARD\"\n      ],\n      \"EM_LIFE : 0\": [\n        \"EM_Rounding : 0\"\n      ],\n      \"EVIDENCE_LIFE : PARA\": [\n        \"Non_Medical_Limits : EO_SCRIPT_CHECK\",\n        \"Non_Medical_Limits : EO_LABPIQ\",\n        \"Non_Medical_Limits : EO_EHR\",\n        \"Non_Medical_Limits : PARA\"\n      ],\n      \"UW_VOLUME_LIFE : 1500000\": [\n        \"Non_Medical_Limits : 1500000\"\n      ]\n    },\n    \"Failing Reason\": [],\n    \"Success Report\": [\n      \"✅ Test pass for bucket [DECISION_LIFE], looking for [_result] with value [EVIDENCE_REQUIRED]\",\n      \"✅ Test pass for bucket [DECISION_LIFE], looking for [Non_Medical_Limits] with value [EVIDENCE_REQUIRED]\",\n      \"✅ Test pass for bucket [EVIDENCE_LIFE], looking for [_result] with value [PARA]\",\n      \"✅ Test pass for bucket [UW_VOLUME_LIFE], looking for [_result] with value [1500000]\"\n    ]\n  }\n}",
              "code": "// Getting enquiry result\n            const reporting = new Report(addContext, this)\n            const enquiryResults = await umeApi.enquiryResult(reporting)\n            const failedAssertions = []\n            const successAssertions = []\n            // Evaluating each result\n            enquiryResults.forEach(result => {\n                const evaluationReport = result.evaluate(reporting)\n                if (evaluationReport === STATUS.ERROR)\n                    failedAssertions.push(result.generateMessageText())\n                else\n                    successAssertions.push(result.generateMessageText())\n            })\n            reporting.addReport(\"Failing Reason\", failedAssertions)\n            reporting.addReport(\"Success Report\", successAssertions)\n            reporting.publishReport()\n            assert.deepEqual(failedAssertions, [], `Found ${failedAssertions.length} error while testing. See report for more details`)",
              "err": {},
              "uuid": "f52383b5-7f97-4efa-ab10-6d657e3cdb4f",
              "parentUUID": "86b13059-4b7f-44a8-b1b2-0d130acd51ef",
              "isHook": false,
              "skipped": false
            }
          ],
          "suites": [],
          "passes": [
            "0d567fc1-b20f-49b2-ab08-41be87b328ec",
            "e78dc471-2c63-44bd-8193-774ce961a5bf",
            "f52383b5-7f97-4efa-ab10-6d657e3cdb4f"
          ],
          "failures": [],
          "pending": [],
          "skipped": [],
          "duration": 13745,
          "root": false,
          "rootEmpty": false,
          "_timeout": 300000
        }
      ],
      "passes": [],
      "failures": [],
      "pending": [],
      "skipped": [],
      "duration": 0,
      "root": true,
      "rootEmpty": true,
      "_timeout": 300000
    }
  ],
  "meta": {
    "mocha": {
      "version": "10.2.0"
    },
    "mochawesome": {
      "options": {
        "quiet": false,
        "reportFilename": "Test_report.html",
        "saveHtml": true,
        "saveJson": true,
        "consoleReporter": "spec",
        "useInlineDiffs": false,
        "code": true
      },
      "version": "7.1.3"
    },
    "marge": {
      "options": {
        "reportDir": "reports/2023-09-19_17-50-52",
        "reportFilename": "Test_report.html"
      },
      "version": "6.2.0"
    }
  }
}